<testsuites>
	<testsuite name="ydb/tests/functional/hive" tests="1" time="14.488824323999324" failures="1" skipped="0">
		<testcase name="[test_drain.py 0/20] chunk chunk" time="0.0" classname="ydb/tests/functional/hive"><properties><property name="url:logsdir" value="https://storage.yandexcloud.net/ydb-gh-logs/ydb-platform/ydb/PR-check/13185390123/ya-x86-64/try_3/test_artifacts/ydb-tests-functional-hive.zip" /></properties></testcase>
		<testcase name="test_drain.py.TestHive.test_drain_on_stop" time="14.488824323999324" classname="ydb/tests/functional/hive">
			<skipped>ydb/tests/functional/hive/test_drain.py:93: in test_drain_on_stop
    wait_tablets_are_active(
ydb/tests/library/common/delayed.py:151: in wait_tablets_are_active
    predicate(raise_error=True)
ydb/tests/library/common/delayed.py:141: in predicate
    raise AssertionError(
E   AssertionError: 
E   ##############################
E   0 seconds passed, 39 tablet(s) are not active. Inactive tablets are (first 10 entries): (72075186224037909: 6) (72075186224038122: 6) (72075186224038154: 6) (72075186224038217: 6) (72075186224038233: 6) (72075186224038322: 6) (72075186224038338: 6) (72075186224038354: 6) (72075186224038468: 6) (72075186224038492: 6). Additional info is empty
E   ##############################

logsdir:
/home/runner/actions_runner/_work/ydb/ydb/tmp/out/ydb/tests/functional/hive/test-results/py3test/testing_out_stuff
log:
/home/runner/actions_runner/_work/ydb/ydb/tmp/out/ydb/tests/functional/hive/test-results/py3test/testing_out_stuff/test_drain.py.TestHive.test_drain_on_stop.log</skipped><properties><property name="mute" value="automatically muted based on rules" /><property name="url:log" value="https://storage.yandexcloud.net/ydb-gh-logs/ydb-platform/ydb/PR-check/13185390123/ya-x86-64/try_3/artifacts/logs/ydb/tests/functional/hive/test-results/py3test/testing_out_stuff/test_drain.py.TestHive.test_drain_on_stop.log" /><property name="url:logsdir" value="https://storage.yandexcloud.net/ydb-gh-logs/ydb-platform/ydb/PR-check/13185390123/ya-x86-64/try_3/test_artifacts/ydb-tests-functional-hive.zip" /></properties></testcase>
	</testsuite>
	<testsuite name="ydb/tests/functional/serializable" tests="1" time="3.2414822139990065" failures="1" skipped="0">
		<testcase name="sole chunk chunk" time="0.0" classname="ydb/tests/functional/serializable"><properties><property name="url:logsdir" value="https://storage.yandexcloud.net/ydb-gh-logs/ydb-platform/ydb/PR-check/13185390123/ya-x86-64/try_3/test_artifacts/ydb-tests-functional-serializable.zip" /></properties></testcase>
		<testcase name="test.py.test_local" time="3.2414822139990065" classname="ydb/tests/functional/serializable">
			<skipped>ydb/tests/functional/serializable/test.py:110: in test_local
    asyncio.run(async_wrapper())
contrib/tools/python3/Lib/asyncio/runners.py:194: in run
    return runner.run(main)
contrib/tools/python3/Lib/asyncio/runners.py:118: in run
    return self._loop.run_until_complete(task)
contrib/tools/python3/Lib/asyncio/base_events.py:686: in run_until_complete
    return future.result()
ydb/tests/functional/serializable/test.py:104: in async_wrapper
    await checker.async_run(options)
ydb/tests/tools/ydb_serializable/lib/__init__.py:1018: in async_run
    await self.async_perform_test(history, table, options, checker)
ydb/tests/tools/ydb_serializable/lib/__init__.py:931: in async_perform_test
    await asyncio.gather(*futures)
ydb/tests/tools/ydb_serializable/lib/__init__.py:792: in async_perform_range_reads
    rss = await self.async_retry_operation(perform, deadline)
ydb/tests/tools/ydb_serializable/lib/__init__.py:434: in async_retry_operation
    result = await callable(session)
ydb/tests/tools/ydb_serializable/lib/__init__.py:776: in perform
    rss = await tx.execute(
contrib/python/ydb/py3/ydb/aio/table.py:411: in execute
    return await super().execute(query, parameters, commit_tx, settings)
contrib/python/ydb/py3/ydb/aio/pool.py:254: in __call__
    return await connection(
contrib/python/ydb/py3/ydb/aio/connection.py:194: in __call__
    return response if wrap_result is None else wrap_result(rpc_state, response, *wrap_args)
contrib/python/ydb/py3/ydb/_session_impl.py:20: in decorator
    return func(rpc_state, response_pb, session_state, *args, **kwargs)
contrib/python/ydb/py3/ydb/_tx_ctx_impl.py:9: in decorator
    return func(rpc_state, response_pb, session_state, tx_state, *args, **kwargs)
contrib/python/ydb/py3/ydb/_tx_ctx_impl.py:22: in decorator
    return func(rpc_state, response_pb, session_state, tx_state, query, *args, **kwargs)
contrib/python/ydb/py3/ydb/_tx_ctx_impl.py:165: in wrap_result_and_tx_id
    issues._process_response(response_pb.operation)
contrib/python/ydb/py3/ydb/issues.py:225: in _process_response
    raise exc_obj(_format_response(response_proto), response_proto.issues)
E   ydb.issues.PreconditionFailed: message: "Not enough resources to execute query locally and no information about other nodes (estimation: 33685504;ComputeTasks:1;NodeTasks:1;)" severity: 1 (server_code: 400120)

logsdir:
/home/runner/actions_runner/_work/ydb/ydb/tmp/out/ydb/tests/functional/serializable/test-results/py3test/testing_out_stuff
log:
/home/runner/actions_runner/_work/ydb/ydb/tmp/out/ydb/tests/functional/serializable/test-results/py3test/testing_out_stuff/test.py.test_local.log</skipped><properties><property name="mute" value="automatically muted based on rules" /><property name="url:log" value="https://storage.yandexcloud.net/ydb-gh-logs/ydb-platform/ydb/PR-check/13185390123/ya-x86-64/try_3/artifacts/logs/ydb/tests/functional/serializable/test-results/py3test/testing_out_stuff/test.py.test_local.log" /><property name="url:logsdir" value="https://storage.yandexcloud.net/ydb-gh-logs/ydb-platform/ydb/PR-check/13185390123/ya-x86-64/try_3/test_artifacts/ydb-tests-functional-serializable.zip" /></properties></testcase>
	</testsuite>
	<testsuite name="ydb/tests/functional/serverless" tests="2" time="175.1769340970004" failures="2" skipped="0">
		<testcase name="[test_serverless.py 0/10] chunk chunk" time="0.0" classname="ydb/tests/functional/serverless"><properties><property name="url:logsdir" value="https://storage.yandexcloud.net/ydb-gh-logs/ydb-platform/ydb/PR-check/13185390123/ya-x86-64/try_3/test_artifacts/ydb-tests-functional-serverless.zip" /></properties></testcase>
		<testcase name="test_serverless.py.test_database_with_disk_quotas[enable_alter_database_create_hive_first--false]" time="88.99435644700043" classname="ydb/tests/functional/serverless">
			<skipped>ydb/tests/functional/serverless/test_serverless.py:442: in test_database_with_disk_quotas
    IOLoop.current().run_sync(lambda: async_write_key(path, 0, 'test', ignore_out_of_space=False))
contrib/python/tornado/tornado-4/tornado/ioloop.py:458: in run_sync
    return future_cell[0].result()
contrib/python/tornado/tornado-4/tornado/concurrent.py:238: in result
    raise_exc_info(self._exc_info)
&amp;lt;string&amp;gt;:4: in raise_exc_info
    ???
contrib/python/tornado/tornado-4/tornado/gen.py:1064: in run
    yielded = self.gen.throw(*exc_info)
ydb/tests/functional/serverless/test_serverless.py:339: in wrapped
    res = yield func(*args, **kwargs)
contrib/python/tornado/tornado-4/tornado/gen.py:1056: in run
    value = future.result()
contrib/python/tornado/tornado-4/tornado/concurrent.py:238: in result
    raise_exc_info(self._exc_info)
&amp;lt;string&amp;gt;:4: in raise_exc_info
    ???
contrib/python/tornado/tornado-4/tornado/gen.py:1064: in run
    yielded = self.gen.throw(*exc_info)
ydb/tests/functional/serverless/test_serverless.py:359: in async_write_key
    yield tx.async_execute(
contrib/python/tornado/tornado-4/tornado/gen.py:1056: in run
    value = future.result()
contrib/tools/python3/Lib/concurrent/futures/_base.py:449: in result
    return self.__get_result()
contrib/tools/python3/Lib/concurrent/futures/_base.py:401: in __get_result
    raise self._exception
contrib/python/ydb/py3/ydb/connection.py:105: in _on_response_callback
    response = response if wrap_result is None else wrap_result(rpc_state, response, *wrap_args)
contrib/python/ydb/py3/ydb/_session_impl.py:20: in decorator
    return func(rpc_state, response_pb, session_state, *args, **kwargs)
contrib/python/ydb/py3/ydb/_tx_ctx_impl.py:9: in decorator
    return func(rpc_state, response_pb, session_state, tx_state, *args, **kwargs)
contrib/python/ydb/py3/ydb/_tx_ctx_impl.py:22: in decorator
    return func(rpc_state, response_pb, session_state, tx_state, query, *args, **kwargs)
contrib/python/ydb/py3/ydb/_tx_ctx_impl.py:165: in wrap_result_and_tx_id
    issues._process_response(response_pb.operation)
contrib/python/ydb/py3/ydb/issues.py:225: in _process_response
    raise exc_obj(_format_response(response_proto), response_proto.issues)
E   ydb.issues.Unavailable: message: "Kikimr cluster or one of its subsystems was unavailable." issue_code: 2005 severity: 1 issues { message: "[DISK_SPACE_EXHAUSTED] Cannot perform writes: database is out of disk space" severity: 1 } (server_code: 400050)

During handling of the above exception, another exception occurred:
ydb/tests/functional/serverless/test_serverless.py:441: in test_database_with_disk_quotas
    with pytest.raises(ydb.Unavailable, match=r'.*OUT_OF_SPACE.*'):
E   AssertionError: Regex pattern did not match.
E    Regex: '.*OUT_OF_SPACE.*'
E    Input: 'message: "Kikimr cluster or one of its subsystems was unavailable." issue_code: 2005 severity: 1 issues { message: "[DISK_SPACE_EXHAUSTED] Cannot perform writes: database is out of disk space" severity: 1 } (server_code: 400050)'

logsdir:
/home/runner/actions_runner/_work/ydb/ydb/tmp/out/ydb/tests/functional/serverless/test-results/py3test/testing_out_stuff
log:
/home/runner/actions_runner/_work/ydb/ydb/tmp/out/ydb/tests/functional/serverless/test-results/py3test/testing_out_stuff/test_serverless.py.test_database_with_disk_quotas.enable_alter_database_create_hive_first--false.log</skipped><properties><property name="mute" value="automatically muted based on rules" /><property name="url:log" value="https://storage.yandexcloud.net/ydb-gh-logs/ydb-platform/ydb/PR-check/13185390123/ya-x86-64/try_3/artifacts/logs/ydb/tests/functional/serverless/test-results/py3test/testing_out_stuff/test_serverless.py.test_database_with_disk_quotas.enable_alter_database_create_hive_first--false.log" /><property name="url:logsdir" value="https://storage.yandexcloud.net/ydb-gh-logs/ydb-platform/ydb/PR-check/13185390123/ya-x86-64/try_3/test_artifacts/ydb-tests-functional-serverless.zip" /></properties></testcase>
		<testcase name="[test_serverless.py 1/10] chunk chunk" time="0.0" classname="ydb/tests/functional/serverless"><properties><property name="url:logsdir" value="https://storage.yandexcloud.net/ydb-gh-logs/ydb-platform/ydb/PR-check/13185390123/ya-x86-64/try_3/test_artifacts/ydb-tests-functional-serverless.zip" /></properties></testcase>
		<testcase name="test_serverless.py.test_database_with_disk_quotas[enable_alter_database_create_hive_first--true]" time="86.18257764999998" classname="ydb/tests/functional/serverless">
			<skipped>ydb/tests/functional/serverless/test_serverless.py:442: in test_database_with_disk_quotas
    IOLoop.current().run_sync(lambda: async_write_key(path, 0, 'test', ignore_out_of_space=False))
contrib/python/tornado/tornado-4/tornado/ioloop.py:458: in run_sync
    return future_cell[0].result()
contrib/python/tornado/tornado-4/tornado/concurrent.py:238: in result
    raise_exc_info(self._exc_info)
&amp;lt;string&amp;gt;:4: in raise_exc_info
    ???
contrib/python/tornado/tornado-4/tornado/gen.py:1064: in run
    yielded = self.gen.throw(*exc_info)
ydb/tests/functional/serverless/test_serverless.py:339: in wrapped
    res = yield func(*args, **kwargs)
contrib/python/tornado/tornado-4/tornado/gen.py:1056: in run
    value = future.result()
contrib/python/tornado/tornado-4/tornado/concurrent.py:238: in result
    raise_exc_info(self._exc_info)
&amp;lt;string&amp;gt;:4: in raise_exc_info
    ???
contrib/python/tornado/tornado-4/tornado/gen.py:1064: in run
    yielded = self.gen.throw(*exc_info)
ydb/tests/functional/serverless/test_serverless.py:359: in async_write_key
    yield tx.async_execute(
contrib/python/tornado/tornado-4/tornado/gen.py:1056: in run
    value = future.result()
contrib/tools/python3/Lib/concurrent/futures/_base.py:449: in result
    return self.__get_result()
contrib/tools/python3/Lib/concurrent/futures/_base.py:401: in __get_result
    raise self._exception
contrib/python/ydb/py3/ydb/connection.py:105: in _on_response_callback
    response = response if wrap_result is None else wrap_result(rpc_state, response, *wrap_args)
contrib/python/ydb/py3/ydb/_session_impl.py:20: in decorator
    return func(rpc_state, response_pb, session_state, *args, **kwargs)
contrib/python/ydb/py3/ydb/_tx_ctx_impl.py:9: in decorator
    return func(rpc_state, response_pb, session_state, tx_state, *args, **kwargs)
contrib/python/ydb/py3/ydb/_tx_ctx_impl.py:22: in decorator
    return func(rpc_state, response_pb, session_state, tx_state, query, *args, **kwargs)
contrib/python/ydb/py3/ydb/_tx_ctx_impl.py:165: in wrap_result_and_tx_id
    issues._process_response(response_pb.operation)
contrib/python/ydb/py3/ydb/issues.py:225: in _process_response
    raise exc_obj(_format_response(response_proto), response_proto.issues)
E   ydb.issues.Unavailable: message: "Kikimr cluster or one of its subsystems was unavailable." issue_code: 2005 severity: 1 issues { message: "[DISK_SPACE_EXHAUSTED] Cannot perform writes: database is out of disk space" severity: 1 } (server_code: 400050)

During handling of the above exception, another exception occurred:
ydb/tests/functional/serverless/test_serverless.py:441: in test_database_with_disk_quotas
    with pytest.raises(ydb.Unavailable, match=r'.*OUT_OF_SPACE.*'):
E   AssertionError: Regex pattern did not match.
E    Regex: '.*OUT_OF_SPACE.*'
E    Input: 'message: "Kikimr cluster or one of its subsystems was unavailable." issue_code: 2005 severity: 1 issues { message: "[DISK_SPACE_EXHAUSTED] Cannot perform writes: database is out of disk space" severity: 1 } (server_code: 400050)'

logsdir:
/home/runner/actions_runner/_work/ydb/ydb/tmp/out/ydb/tests/functional/serverless/test-results/py3test/testing_out_stuff
log:
/home/runner/actions_runner/_work/ydb/ydb/tmp/out/ydb/tests/functional/serverless/test-results/py3test/testing_out_stuff/test_serverless.py.test_database_with_disk_quotas.enable_alter_database_create_hive_first--true.log</skipped><properties><property name="mute" value="automatically muted based on rules" /><property name="url:log" value="https://storage.yandexcloud.net/ydb-gh-logs/ydb-platform/ydb/PR-check/13185390123/ya-x86-64/try_3/artifacts/logs/ydb/tests/functional/serverless/test-results/py3test/testing_out_stuff/test_serverless.py.test_database_with_disk_quotas.enable_alter_database_create_hive_first--true.log" /><property name="url:logsdir" value="https://storage.yandexcloud.net/ydb-gh-logs/ydb-platform/ydb/PR-check/13185390123/ya-x86-64/try_3/test_artifacts/ydb-tests-functional-serverless.zip" /></properties></testcase>
	</testsuite>
	<testsuite name="ydb/tests/functional/suite_tests" tests="1" time="8.293575360999057" failures="1" skipped="0">
		<testcase name="[test_postgres.py 0/10] chunk chunk" time="0.0" classname="ydb/tests/functional/suite_tests"><properties><property name="url:logsdir" value="https://storage.yandexcloud.net/ydb-gh-logs/ydb-platform/ydb/PR-check/13185390123/ya-x86-64/try_3/test_artifacts/ydb-tests-functional-suite_tests.zip" /></properties></testcase>
		<testcase name="test_postgres.py.TestPGSQL.test_sql_suite[plan-jointest/join2.test]" time="8.293575360999057" classname="ydb/tests/functional/suite_tests">
			<skipped>Test results differ from canonical:
test_result['query_11.plan']: files content differs:
'--- /home/runner/actions_runner/_work/ydb/ydb/ydb/tests/functional/suite_tests/canondata/test_postgres.TestPGSQL.test_sql_suite_plan-jointest_join2.test_/query_11.plan	2025-02-06 18:29:12.561429181 +0000
+++ /home/runner/.ya/build/build_root/8nln/0002d9/canon_tmp50u_wha2/query_11.plan	2025-02-06 20:00:19.670544531 +0000
@@ -199,3 +199,3 @@
                                                                     {
-                                                                        "CTE Name": "precompute_0_0",
+                                                                        "CTE Name": "precompute_0_1",
                                                                         "Node Type": "ConstantExpr",
@@ -205,3 +205,3 @@
                                                                                 "Name": "ToFlow",
-                                                                                "ToFlow": "precompute_0_0"
+                                                                        ...'
see full diff /home/runner/actions_runner/_work/ydb/ydb/tmp/out/ydb/tests/functional/suite_tests/test-results/py3test/testing_out_stuff/test_postgres.TestPGSQL.test_sql_suite.plan-jointest.join2.test/query_11.plan.diff
test_result['query_12.plan']: files content differs:
'--- /home/runner/actions_runner/_work/ydb/ydb/ydb/tests/functional/suite_tests/canondata/test_postgres.TestPGSQL.test_sql_suite_plan-jointest_join2.test_/query_12.plan	2025-02-06 18:29:12.561429181 +0000
+++ /home/runner/.ya/build/build_root/8nln/0002d9/canon_tmppfrn9b5c/query_12.plan	2025-02-06 20:00:19.770546799 +0000
@@ -163,3 +163,3 @@
                                                                     {
-                                                                        "CTE Name": "precompute_0_1",
+                                                                        "CTE Name": "precompute_0_0",
                                                                         "Node Type": "ConstantExpr",
@@ -169,3 +169,3 @@
                                                                                 "Name": "ToFlow",
-                                                                                "ToFlow": "precompute_0_1"
+                                                                        ...'
see full diff /home/runner/actions_runner/_work/ydb/ydb/tmp/out/ydb/tests/functional/suite_tests/test-results/py3test/testing_out_stuff/test_postgres.TestPGSQL.test_sql_suite.plan-jointest.join2.test/query_12.plan.diff
test_result['query_9.plan']: files content differs:
'--- /home/runner/actions_runner/_work/ydb/ydb/ydb/tests/functional/suite_tests/canondata/test_postgres.TestPGSQL.test_sql_suite_plan-jointest_join2.test_/query_9.plan	2025-02-06 18:29:12.561429181 +0000
+++ /home/runner/.ya/build/build_root/8nln/0002d9/canon_tmpet3_jecv/query_9.plan	2025-02-06 20:00:19.498540631 +0000
@@ -163,3 +163,3 @@
                                                                     {
-                                                                        "CTE Name": "precompute_0_1",
+                                                                        "CTE Name": "precompute_0_0",
                                                                         "Node Type": "ConstantExpr",
@@ -169,3 +169,3 @@
                                                                                 "Name": "ToFlow",
-                                                                                "ToFlow": "precompute_0_1"
+                                                                          ...'
see full diff /home/runner/actions_runner/_work/ydb/ydb/tmp/out/ydb/tests/functional/suite_tests/test-results/py3test/testing_out_stuff/test_postgres.TestPGSQL.test_sql_suite.plan-jointest.join2.test/query_9.plan.diff

logsdir:
/home/runner/actions_runner/_work/ydb/ydb/tmp/out/ydb/tests/functional/suite_tests/test-results/py3test/testing_out_stuff
log:
/home/runner/actions_runner/_work/ydb/ydb/tmp/out/ydb/tests/functional/suite_tests/test-results/py3test/testing_out_stuff/test_postgres.py.TestPGSQL.test_sql_suite.plan-jointest.join2.test.log</skipped><properties><property name="mute" value="automatically muted based on rules" /><property name="url:logsdir" value="https://storage.yandexcloud.net/ydb-gh-logs/ydb-platform/ydb/PR-check/13185390123/ya-x86-64/try_3/test_artifacts/ydb-tests-functional-suite_tests.zip" /></properties></testcase>
	</testsuite>
	<testsuite name="ydb/tests/functional/tenants" tests="6" time="455.6202408579984" failures="6" skipped="0">
		<testcase name="[0/20] chunk chunk" time="0.0" classname="ydb/tests/functional/tenants"><properties><property name="url:logsdir" value="https://storage.yandexcloud.net/ydb-gh-logs/ydb-platform/ydb/PR-check/13185390123/ya-x86-64/try_3/test_artifacts/ydb-tests-functional-tenants.zip" /></properties></testcase>
		<testcase name="test_dynamic_tenants.py.test_create_and_drop_the_same_tenant2[enable_alter_database_create_hive_first--false]" time="145.15173150199917" classname="ydb/tests/functional/tenants">
			<skipped>ydb/tests/functional/tenants/test_dynamic_tenants.py:350: in test_create_and_drop_the_same_tenant2
    pool.retry_operation_sync(write_some_data, None, "table", "table_for_rm", value)
contrib/python/ydb/py3/ydb/table.py:2602: in retry_operation_sync
    return retry_operation_sync(wrapped_callee, retry_settings)
contrib/python/ydb/py3/ydb/retries.py:133: in retry_operation_sync
    for next_opt in opt_generator:
contrib/python/ydb/py3/ydb/retries.py:128: in retry_operation_impl
    raise status
contrib/python/ydb/py3/ydb/retries.py:94: in retry_operation_impl
    result = YdbRetryOperationFinalResult(callee(*args, **kwargs))
contrib/python/ydb/py3/ydb/table.py:2600: in wrapped_callee
    return callee(session, *args, **kwargs)
ydb/tests/functional/tenants/test_dynamic_tenants.py:340: in write_some_data
    session.transaction().execute(
contrib/python/ydb/py3/ydb/table.py:2339: in execute
    return self._driver(
contrib/python/ydb/py3/ydb/tracing.py:70: in wrapper
    return f(self, *args, **kwargs)
contrib/python/ydb/py3/ydb/pool.py:443: in __call__
    res = connection(
contrib/python/ydb/py3/ydb/connection.py:465: in __call__
    return response if wrap_result is None else wrap_result(rpc_state, response, *wrap_args)
contrib/python/ydb/py3/ydb/_session_impl.py:20: in decorator
    return func(rpc_state, response_pb, session_state, *args, **kwargs)
contrib/python/ydb/py3/ydb/_tx_ctx_impl.py:9: in decorator
    return func(rpc_state, response_pb, session_state, tx_state, *args, **kwargs)
contrib/python/ydb/py3/ydb/_tx_ctx_impl.py:22: in decorator
    return func(rpc_state, response_pb, session_state, tx_state, query, *args, **kwargs)
contrib/python/ydb/py3/ydb/_tx_ctx_impl.py:165: in wrap_result_and_tx_id
    issues._process_response(response_pb.operation)
contrib/python/ydb/py3/ydb/issues.py:225: in _process_response
    raise exc_obj(_format_response(response_proto), response_proto.issues)
E   ydb.issues.Unavailable: message: "Failed to create default pool in database /Root/users/database" severity: 1 issues { message: "Retry shard unavailable error, status: StatusNotAvailable" severity: 1 issues { message: "Schemeshard not available" severity: 1 } } issues { message: "Retry shard unavailable error, status: StatusNotAvailable" severity: 1 issues { message: "Schemeshard not available" severity: 1 } } issues { message: "Retry shard unavailable error, status: StatusNotAvailable" severity: 1 issues { message: "Schemeshard not available" severity: 1 } } issues { message: "Retry shard unavailable error, status: StatusNotAvailable" severity: 1 issues { message: "Schemeshard not available" severity: 1 } } issues { message: "Retry shard unavailable error, status: StatusNotAvailable" severity: 1 issues { message: "Schemeshard not available" severity: 1 } } issues { message: "Retry shard unavailable error, status: StatusNotAvailable" severity: 1 issues { message: "Schemeshard not available" severity: 1 } } issues { message: "Retry shard unavailable error, status: StatusNotAvailable" severity: 1 issues { message: "Schemeshard not available" severity: 1 } } issues { message: "Retry shard unavailable error, status: StatusNotAvailable" severity: 1 issues { message: "Schemeshard not available" severity: 1 } } issues { message: "Retry shard unavailable error, status: StatusNotAvailable" severity: 1 issues { message: "Schemeshard not available" severity: 1 } } issues { message: "Retry shard unavailable error, status: StatusNotAvailable" severity: 1 issues { message: "Schemeshard not available" severity: 1 } } issues { message: "Retry shard unavailable error, status: StatusNotAvailable" severity: 1 issues { message: "Schemeshard not available" severity: 1 } } issues { message: "Retry shard unavailable error, status: StatusNotAvailable" severity: 1 issues { message: "Schemeshard not available" severity: 1 } } issues { message: "Retry shard unavailable error, status: StatusNotAvailable" severity: 1 issues { message: "Schemeshard not available" severity: 1 } } issues { message: "Retry shard unavailable error, status: StatusNotAvailable" severity: 1 issues { message: "Schemeshard not available" severity: 1 } } issues { message: "Retry shard unavailable error, status: StatusNotAvailable" severity: 1 issues { message: "Schemeshard not available" severity: 1 } } issues { message: "Retry shard unavailable error, status: StatusNotAvailable" severity: 1 issues { message: "Schemeshard not available" severity: 1 } } issues { message: "Retry shard unavailable error, status: StatusNotAvailable" severity: 1 issues { message: "Schemeshard not available" severity: 1 } } issues { message: "Retry shard unavailable error, status: StatusNotAvailable" severity: 1 issues { message: "Schemeshard not available" severity: 1 } } issues { message: "Retry shard unavailable error, status: StatusNotAvailable" severity: 1 issues { message: "Schemeshard not available" severity: 1 } } issues { message: "Retry shard unavailable error, status: StatusNotAvailable" severity: 1 issues { message: "Schemeshard not available" severity: 1 } } issues { message: "Retry shard unavailable error, status: StatusNotAvailable" severity: 1 issues { message: "Schemeshard not available" severity: 1 } } issues { message: "Retry shard unavailable error, status: StatusNotAvailable" severity: 1 issues { message: "Schemeshard not available" severity: 1 } } issues { message: "Retry shard unavailable error, status: StatusNotAvailable" severity: 1 issues { message: "Schemeshard not available" severity: 1 } } issues { message: "Retry shard unavailable error, status: StatusNotAvailable" severity: 1 issues { message: "Schemeshard not available" severity: 1 } } issues { message: "Retry shard unavailable error, status: StatusNotAvailable" severity: 1 issues { message: "Schemeshard not available" severity: 1 } } issues { message: "Retry shard unavailable error, status: StatusNotAvailable" severity: 1 issues { message: "Schemeshard not available" severity: 1 } } issues { message: "Retry shard unavailable error, status: StatusNotAvailable" severity: 1 issues { message: "Schemeshard not available" severity: 1 } } issues { message: "Retry shard unavailable error, status: StatusNotAvailable" severity: 1 issues { message: "Schemeshard not available" severity: 1 } } issues { message: "Retry shard unavailable error, status: StatusNotAvailable" severity: 1 issues { message: "Schemeshard not available" severity: 1 } } issues { message: "Retry shard unavailable error, status: StatusNotAvailable" severity: 1 issues { message: "Schemeshard not available" severity: 1 } } issues { message: "Retry shard unavailable error, status: StatusNotAvailable" severity: 1 issues { message: "Schemeshard not available" severity: 1 } } issues { message: "Retry shard unavailable error, status: StatusNotAvailable" severity: 1 issues { message: "Schemeshard not available" severity: 1 } } issues { message: "Retry shard unavailable error, status: StatusNotAvailable" severity: 1 issues { message: "Schemeshard not available" severity: 1 } } issues { message: "Retry shard unavailable error, status: StatusNotAvailable" severity: 1 issues { message: "Schemeshard not available" severity: 1 } } issues { message: "Retry shard unavailable error, status: StatusNotAvailable" severity: 1 issues { message: "Schemeshard not available" severity: 1 } } issues { message: "Retry shard unavailable error, status: StatusNotAvailable" severit...

logsdir:
/home/runner/actions_runner/_work/ydb/ydb/tmp/out/ydb/tests/functional/tenants/test-results/py3test/testing_out_stuff
log:
/home/runner/actions_runner/_work/ydb/ydb/tmp/out/ydb/tests/functional/tenants/test-results/py3test/testing_out_stuff/test_dynamic_tenants.py.test_create_and_drop_the_same_tenant2.enable_alter_database_create_hive_first--false.log</skipped><properties><property name="mute" value="automatically muted based on rules" /><property name="url:log" value="https://storage.yandexcloud.net/ydb-gh-logs/ydb-platform/ydb/PR-check/13185390123/ya-x86-64/try_3/artifacts/logs/ydb/tests/functional/tenants/test-results/py3test/testing_out_stuff/test_dynamic_tenants.py.test_create_and_drop_the_same_tenant2.enable_alter_database_create_hive_first--false.log" /><property name="url:logsdir" value="https://storage.yandexcloud.net/ydb-gh-logs/ydb-platform/ydb/PR-check/13185390123/ya-x86-64/try_3/test_artifacts/ydb-tests-functional-tenants.zip" /></properties></testcase>
		<testcase name="[1/20] chunk chunk" time="0.0" classname="ydb/tests/functional/tenants"><properties><property name="url:logsdir" value="https://storage.yandexcloud.net/ydb-gh-logs/ydb-platform/ydb/PR-check/13185390123/ya-x86-64/try_3/test_artifacts/ydb-tests-functional-tenants.zip" /></properties></testcase>
		<testcase name="test_dynamic_tenants.py.test_create_and_drop_the_same_tenant2[enable_alter_database_create_hive_first--true]" time="145.5208483309998" classname="ydb/tests/functional/tenants">
			<skipped>ydb/tests/functional/tenants/test_dynamic_tenants.py:350: in test_create_and_drop_the_same_tenant2
    pool.retry_operation_sync(write_some_data, None, "table", "table_for_rm", value)
contrib/python/ydb/py3/ydb/table.py:2602: in retry_operation_sync
    return retry_operation_sync(wrapped_callee, retry_settings)
contrib/python/ydb/py3/ydb/retries.py:133: in retry_operation_sync
    for next_opt in opt_generator:
contrib/python/ydb/py3/ydb/retries.py:128: in retry_operation_impl
    raise status
contrib/python/ydb/py3/ydb/retries.py:94: in retry_operation_impl
    result = YdbRetryOperationFinalResult(callee(*args, **kwargs))
contrib/python/ydb/py3/ydb/table.py:2600: in wrapped_callee
    return callee(session, *args, **kwargs)
ydb/tests/functional/tenants/test_dynamic_tenants.py:340: in write_some_data
    session.transaction().execute(
contrib/python/ydb/py3/ydb/table.py:2339: in execute
    return self._driver(
contrib/python/ydb/py3/ydb/tracing.py:70: in wrapper
    return f(self, *args, **kwargs)
contrib/python/ydb/py3/ydb/pool.py:443: in __call__
    res = connection(
contrib/python/ydb/py3/ydb/connection.py:465: in __call__
    return response if wrap_result is None else wrap_result(rpc_state, response, *wrap_args)
contrib/python/ydb/py3/ydb/_session_impl.py:20: in decorator
    return func(rpc_state, response_pb, session_state, *args, **kwargs)
contrib/python/ydb/py3/ydb/_tx_ctx_impl.py:9: in decorator
    return func(rpc_state, response_pb, session_state, tx_state, *args, **kwargs)
contrib/python/ydb/py3/ydb/_tx_ctx_impl.py:22: in decorator
    return func(rpc_state, response_pb, session_state, tx_state, query, *args, **kwargs)
contrib/python/ydb/py3/ydb/_tx_ctx_impl.py:165: in wrap_result_and_tx_id
    issues._process_response(response_pb.operation)
contrib/python/ydb/py3/ydb/issues.py:225: in _process_response
    raise exc_obj(_format_response(response_proto), response_proto.issues)
E   ydb.issues.Unavailable: message: "Failed to create default pool in database /Root/users/database" severity: 1 issues { message: "Retry shard unavailable error, status: StatusNotAvailable" severity: 1 issues { message: "Schemeshard not available" severity: 1 } } issues { message: "Retry shard unavailable error, status: StatusNotAvailable" severity: 1 issues { message: "Schemeshard not available" severity: 1 } } issues { message: "Retry shard unavailable error, status: StatusNotAvailable" severity: 1 issues { message: "Schemeshard not available" severity: 1 } } issues { message: "Retry shard unavailable error, status: StatusNotAvailable" severity: 1 issues { message: "Schemeshard not available" severity: 1 } } issues { message: "Retry shard unavailable error, status: StatusNotAvailable" severity: 1 issues { message: "Schemeshard not available" severity: 1 } } issues { message: "Retry shard unavailable error, status: StatusNotAvailable" severity: 1 issues { message: "Schemeshard not available" severity: 1 } } issues { message: "Retry shard unavailable error, status: StatusNotAvailable" severity: 1 issues { message: "Schemeshard not available" severity: 1 } } issues { message: "Retry shard unavailable error, status: StatusNotAvailable" severity: 1 issues { message: "Schemeshard not available" severity: 1 } } issues { message: "Retry shard unavailable error, status: StatusNotAvailable" severity: 1 issues { message: "Schemeshard not available" severity: 1 } } issues { message: "Retry shard unavailable error, status: StatusNotAvailable" severity: 1 issues { message: "Schemeshard not available" severity: 1 } } issues { message: "Retry shard unavailable error, status: StatusNotAvailable" severity: 1 issues { message: "Schemeshard not available" severity: 1 } } issues { message: "Retry shard unavailable error, status: StatusNotAvailable" severity: 1 issues { message: "Schemeshard not available" severity: 1 } } issues { message: "Retry shard unavailable error, status: StatusNotAvailable" severity: 1 issues { message: "Schemeshard not available" severity: 1 } } issues { message: "Retry shard unavailable error, status: StatusNotAvailable" severity: 1 issues { message: "Schemeshard not available" severity: 1 } } issues { message: "Retry shard unavailable error, status: StatusNotAvailable" severity: 1 issues { message: "Schemeshard not available" severity: 1 } } issues { message: "Retry shard unavailable error, status: StatusNotAvailable" severity: 1 issues { message: "Schemeshard not available" severity: 1 } } issues { message: "Retry shard unavailable error, status: StatusNotAvailable" severity: 1 issues { message: "Schemeshard not available" severity: 1 } } issues { message: "Retry shard unavailable error, status: StatusNotAvailable" severity: 1 issues { message: "Schemeshard not available" severity: 1 } } issues { message: "Retry shard unavailable error, status: StatusNotAvailable" severity: 1 issues { message: "Schemeshard not available" severity: 1 } } issues { message: "Retry shard unavailable error, status: StatusNotAvailable" severity: 1 issues { message: "Schemeshard not available" severity: 1 } } issues { message: "Retry shard unavailable error, status: StatusNotAvailable" severity: 1 issues { message: "Schemeshard not available" severity: 1 } } issues { message: "Retry shard unavailable error, status: StatusNotAvailable" severity: 1 issues { message: "Schemeshard not available" severity: 1 } } issues { message: "Retry shard unavailable error, status: StatusNotAvailable" severity: 1 issues { message: "Schemeshard not available" severity: 1 } } issues { message: "Retry shard unavailable error, status: StatusNotAvailable" severity: 1 issues { message: "Schemeshard not available" severity: 1 } } issues { message: "Retry shard unavailable error, status: StatusNotAvailable" severity: 1 issues { message: "Schemeshard not available" severity: 1 } } issues { message: "Retry shard unavailable error, status: StatusNotAvailable" severity: 1 issues { message: "Schemeshard not available" severity: 1 } } issues { message: "Retry shard unavailable error, status: StatusNotAvailable" severity: 1 issues { message: "Schemeshard not available" severity: 1 } } issues { message: "Retry shard unavailable error, status: StatusNotAvailable" severity: 1 issues { message: "Schemeshard not available" severity: 1 } } issues { message: "Retry shard unavailable error, status: StatusNotAvailable" severity: 1 issues { message: "Schemeshard not available" severity: 1 } } issues { message: "Retry shard unavailable error, status: StatusNotAvailable" severity: 1 issues { message: "Schemeshard not available" severity: 1 } } issues { message: "Retry shard unavailable error, status: StatusNotAvailable" severity: 1 issues { message: "Schemeshard not available" severity: 1 } } issues { message: "Retry shard unavailable error, status: StatusNotAvailable" severity: 1 issues { message: "Schemeshard not available" severity: 1 } } issues { message: "Retry shard unavailable error, status: StatusNotAvailable" severity: 1 issues { message: "Schemeshard not available" severity: 1 } } issues { message: "Retry shard unavailable error, status: StatusNotAvailable" severity: 1 issues { message: "Schemeshard not available" severity: 1 } } issues { message: "Retry shard unavailable error, status: StatusNotAvailable" severity: 1 issues { message: "Schemeshard not available" severity: 1 } } issues { message: "Retry shard unavailable error, status: StatusNotAvailable" severit...

logsdir:
/home/runner/actions_runner/_work/ydb/ydb/tmp/out/ydb/tests/functional/tenants/test-results/py3test/testing_out_stuff
log:
/home/runner/actions_runner/_work/ydb/ydb/tmp/out/ydb/tests/functional/tenants/test-results/py3test/testing_out_stuff/test_dynamic_tenants.py.test_create_and_drop_the_same_tenant2.enable_alter_database_create_hive_first--true.log</skipped><properties><property name="mute" value="automatically muted based on rules" /><property name="url:log" value="https://storage.yandexcloud.net/ydb-gh-logs/ydb-platform/ydb/PR-check/13185390123/ya-x86-64/try_3/artifacts/logs/ydb/tests/functional/tenants/test-results/py3test/testing_out_stuff/test_dynamic_tenants.py.test_create_and_drop_the_same_tenant2.enable_alter_database_create_hive_first--true.log" /><property name="url:logsdir" value="https://storage.yandexcloud.net/ydb-gh-logs/ydb-platform/ydb/PR-check/13185390123/ya-x86-64/try_3/test_artifacts/ydb-tests-functional-tenants.zip" /></properties></testcase>
		<testcase name="[2/20] chunk chunk" time="0.0" classname="ydb/tests/functional/tenants"><properties><property name="url:logsdir" value="https://storage.yandexcloud.net/ydb-gh-logs/ydb-platform/ydb/PR-check/13185390123/ya-x86-64/try_3/test_artifacts/ydb-tests-functional-tenants.zip" /></properties></testcase>
		<testcase name="test_tenants.py.TestTenants.test_list_database_above[enable_alter_database_create_hive_first--false]" time="14.20428316000016" classname="ydb/tests/functional/tenants">
			<skipped>ydb/tests/functional/tenants/test_tenants.py:433: in test_list_database_above
    assert result.children[0].name == ".sys"
E   AssertionError: assert '.metadata' == '.sys'
E     - .sys
E     + .metadata

logsdir:
/home/runner/actions_runner/_work/ydb/ydb/tmp/out/ydb/tests/functional/tenants/test-results/py3test/testing_out_stuff
log:
/home/runner/actions_runner/_work/ydb/ydb/tmp/out/ydb/tests/functional/tenants/test-results/py3test/testing_out_stuff/test_tenants.py.TestTenants.test_list_database_above.enable_alter_database_create_hive_first--false.log</skipped><properties><property name="mute" value="automatically muted based on rules" /><property name="url:log" value="https://storage.yandexcloud.net/ydb-gh-logs/ydb-platform/ydb/PR-check/13185390123/ya-x86-64/try_3/artifacts/logs/ydb/tests/functional/tenants/test-results/py3test/testing_out_stuff/test_tenants.py.TestTenants.test_list_database_above.enable_alter_database_create_hive_first--false.log" /><property name="url:logsdir" value="https://storage.yandexcloud.net/ydb-gh-logs/ydb-platform/ydb/PR-check/13185390123/ya-x86-64/try_3/test_artifacts/ydb-tests-functional-tenants.zip" /></properties></testcase>
		<testcase name="[3/20] chunk chunk" time="0.0" classname="ydb/tests/functional/tenants"><properties><property name="url:logsdir" value="https://storage.yandexcloud.net/ydb-gh-logs/ydb-platform/ydb/PR-check/13185390123/ya-x86-64/try_3/test_artifacts/ydb-tests-functional-tenants.zip" /></properties></testcase>
		<testcase name="test_tenants.py.TestTenants.test_list_database_above[enable_alter_database_create_hive_first--true]" time="14.242285195999102" classname="ydb/tests/functional/tenants">
			<skipped>ydb/tests/functional/tenants/test_tenants.py:433: in test_list_database_above
    assert result.children[0].name == ".sys"
E   AssertionError: assert '.metadata' == '.sys'
E     - .sys
E     + .metadata

logsdir:
/home/runner/actions_runner/_work/ydb/ydb/tmp/out/ydb/tests/functional/tenants/test-results/py3test/testing_out_stuff
log:
/home/runner/actions_runner/_work/ydb/ydb/tmp/out/ydb/tests/functional/tenants/test-results/py3test/testing_out_stuff/test_tenants.py.TestTenants.test_list_database_above.enable_alter_database_create_hive_first--true.log</skipped><properties><property name="mute" value="automatically muted based on rules" /><property name="url:log" value="https://storage.yandexcloud.net/ydb-gh-logs/ydb-platform/ydb/PR-check/13185390123/ya-x86-64/try_3/artifacts/logs/ydb/tests/functional/tenants/test-results/py3test/testing_out_stuff/test_tenants.py.TestTenants.test_list_database_above.enable_alter_database_create_hive_first--true.log" /><property name="url:logsdir" value="https://storage.yandexcloud.net/ydb-gh-logs/ydb-platform/ydb/PR-check/13185390123/ya-x86-64/try_3/test_artifacts/ydb-tests-functional-tenants.zip" /></properties></testcase>
		<testcase name="[4/20] chunk chunk" time="0.0" classname="ydb/tests/functional/tenants"><properties><property name="url:logsdir" value="https://storage.yandexcloud.net/ydb-gh-logs/ydb-platform/ydb/PR-check/13185390123/ya-x86-64/try_3/test_artifacts/ydb-tests-functional-tenants.zip" /></properties></testcase>
		<testcase name="test_tenants.py.TestTenants.test_stop_start[enable_alter_database_create_hive_first--false]" time="68.21756998399997" classname="ydb/tests/functional/tenants">
			<skipped>ydb/tests/functional/tenants/test_tenants.py:297: in test_stop_start
    with ydb_database_ctx(ydb_cluster, database_path):
contrib/tools/python3/Lib/contextlib.py:137: in __enter__
    return next(self.gen)
ydb/tests/library/harness/ydb_fixtures.py:86: in ydb_database_ctx
    ydb_cluster.create_database(database_path, storage_pool_units_count=storage_pools, timeout_seconds=timeout_seconds)
ydb/tests/library/harness/kikimr_cluster_interface.py:199: in create_database
    raise RuntimeError('create_database failed: %s, %s' % (operation.status, ydb.issues._format_issues(operation.issues)))
E   RuntimeError: create_database failed: 400080, message: "Group fit error BoxId# 1 StoragePoolId# 5 Error# failed to allocate group: no group options PDisks# {[(1:1-S)]}" severity: 1

logsdir:
/home/runner/actions_runner/_work/ydb/ydb/tmp/out/ydb/tests/functional/tenants/test-results/py3test/testing_out_stuff
log:
/home/runner/actions_runner/_work/ydb/ydb/tmp/out/ydb/tests/functional/tenants/test-results/py3test/testing_out_stuff/test_tenants.py.TestTenants.test_stop_start.enable_alter_database_create_hive_first--false.log</skipped><properties><property name="mute" value="automatically muted based on rules" /><property name="url:log" value="https://storage.yandexcloud.net/ydb-gh-logs/ydb-platform/ydb/PR-check/13185390123/ya-x86-64/try_3/artifacts/logs/ydb/tests/functional/tenants/test-results/py3test/testing_out_stuff/test_tenants.py.TestTenants.test_stop_start.enable_alter_database_create_hive_first--false.log" /><property name="url:logsdir" value="https://storage.yandexcloud.net/ydb-gh-logs/ydb-platform/ydb/PR-check/13185390123/ya-x86-64/try_3/test_artifacts/ydb-tests-functional-tenants.zip" /></properties></testcase>
		<testcase name="[5/20] chunk chunk" time="0.0" classname="ydb/tests/functional/tenants"><properties><property name="url:logsdir" value="https://storage.yandexcloud.net/ydb-gh-logs/ydb-platform/ydb/PR-check/13185390123/ya-x86-64/try_3/test_artifacts/ydb-tests-functional-tenants.zip" /></properties></testcase>
		<testcase name="test_tenants.py.TestTenants.test_stop_start[enable_alter_database_create_hive_first--true]" time="68.28352268500021" classname="ydb/tests/functional/tenants">
			<skipped>ydb/tests/functional/tenants/test_tenants.py:297: in test_stop_start
    with ydb_database_ctx(ydb_cluster, database_path):
contrib/tools/python3/Lib/contextlib.py:137: in __enter__
    return next(self.gen)
ydb/tests/library/harness/ydb_fixtures.py:86: in ydb_database_ctx
    ydb_cluster.create_database(database_path, storage_pool_units_count=storage_pools, timeout_seconds=timeout_seconds)
ydb/tests/library/harness/kikimr_cluster_interface.py:199: in create_database
    raise RuntimeError('create_database failed: %s, %s' % (operation.status, ydb.issues._format_issues(operation.issues)))
E   RuntimeError: create_database failed: 400080, message: "Group fit error BoxId# 1 StoragePoolId# 5 Error# failed to allocate group: no group options PDisks# {[(1:1-S)]}" severity: 1

logsdir:
/home/runner/actions_runner/_work/ydb/ydb/tmp/out/ydb/tests/functional/tenants/test-results/py3test/testing_out_stuff
log:
/home/runner/actions_runner/_work/ydb/ydb/tmp/out/ydb/tests/functional/tenants/test-results/py3test/testing_out_stuff/test_tenants.py.TestTenants.test_stop_start.enable_alter_database_create_hive_first--true.log</skipped><properties><property name="mute" value="automatically muted based on rules" /><property name="url:log" value="https://storage.yandexcloud.net/ydb-gh-logs/ydb-platform/ydb/PR-check/13185390123/ya-x86-64/try_3/artifacts/logs/ydb/tests/functional/tenants/test-results/py3test/testing_out_stuff/test_tenants.py.TestTenants.test_stop_start.enable_alter_database_create_hive_first--true.log" /><property name="url:logsdir" value="https://storage.yandexcloud.net/ydb-gh-logs/ydb-platform/ydb/PR-check/13185390123/ya-x86-64/try_3/test_artifacts/ydb-tests-functional-tenants.zip" /></properties></testcase>
	</testsuite>
	<testsuite name="ydb/tests/olap/scenario" tests="1" time="24.324218332000783" failures="1" skipped="0">
		<testcase name="sole chunk chunk" time="0.0" classname="ydb/tests/olap/scenario"><properties><property name="url:logsdir" value="https://storage.yandexcloud.net/ydb-gh-logs/ydb-platform/ydb/PR-check/13185390123/ya-x86-64/try_3/test_artifacts/ydb-tests-olap-scenario.zip" /></properties></testcase>
		<testcase name="test_alter_tiering.py.TestAlterTiering.test[many_tables]" time="24.324218332000783" classname="ydb/tests/olap/scenario">
			<skipped>ydb/tests/olap/scenario/conftest.py:84: in test
    ctx.executable(self, ctx)
ydb/tests/olap/scenario/test_alter_tiering.py:166: in scenario_many_tables
    self._override_tier(sth, tiers[-1], TierConfig(tiers[-1], s3_config))
ydb/tests/olap/scenario/test_alter_tiering.py:106: in _override_tier
    sth.execute_scheme_query(CreateTierIfNotExists(name, config))
ydb/tests/olap/scenario/helpers/scenario_tests_helper.py:425: in execute_scheme_query
    self._run_with_expected_status(
ydb/tests/olap/scenario/helpers/scenario_tests_helper.py:353: in _run_with_expected_status
    pytest.fail(f'Unexpected status: must be in {repr(expected_status)}, but get {repr(error or status)}')
E   Failed: Unexpected status: must be in {&amp;lt;StatusCode.SUCCESS: 400000&amp;gt;}, but get GenericError('message: "Execution" issue_code: 1060 severity: 1 issues { position { row: 1 column: 85 } message: "Executing CREATE OBJECT TIER" end_position { row: 1 column: 85 } severity: 1 issues { message: "incorrect object type" severity: 1 } } (server_code: 400080)')

logsdir:
/home/runner/actions_runner/_work/ydb/ydb/tmp/out/ydb/tests/olap/scenario/test-results/py3test/testing_out_stuff
log:
/home/runner/actions_runner/_work/ydb/ydb/tmp/out/ydb/tests/olap/scenario/test-results/py3test/testing_out_stuff/test_alter_tiering.py.TestAlterTiering.test.many_tables.log</skipped><properties><property name="mute" value="automatically muted based on rules" /><property name="url:log" value="https://storage.yandexcloud.net/ydb-gh-logs/ydb-platform/ydb/PR-check/13185390123/ya-x86-64/try_3/artifacts/logs/ydb/tests/olap/scenario/test-results/py3test/testing_out_stuff/test_alter_tiering.py.TestAlterTiering.test.many_tables.log" /><property name="url:logsdir" value="https://storage.yandexcloud.net/ydb-gh-logs/ydb-platform/ydb/PR-check/13185390123/ya-x86-64/try_3/test_artifacts/ydb-tests-olap-scenario.zip" /></properties></testcase>
	</testsuite>
	<testsuite name="ydb/tests/olap/ttl_tiering" tests="2" time="444.22881224700086" failures="1" skipped="0">
		<testcase name="sole chunk chunk" time="0.0" classname="ydb/tests/olap/ttl_tiering"><properties><property name="url:logsdir" value="https://storage.yandexcloud.net/ydb-gh-logs/ydb-platform/ydb/PR-check/13185390123/ya-x86-64/try_3/test_artifacts/ydb-tests-olap-ttl_tiering.zip" /></properties></testcase>
		<testcase name="data_migration_when_alter_ttl.py.TestDataMigrationWhenAlterTtl.test" time="249.27250765200097" classname="ydb/tests/olap/ttl_tiering"><properties><property name="url:logsdir" value="https://storage.yandexcloud.net/ydb-gh-logs/ydb-platform/ydb/PR-check/13185390123/ya-x86-64/try_3/test_artifacts/ydb-tests-olap-ttl_tiering.zip" /></properties></testcase>
		<testcase name="ttl_delete_s3.py.TestDeleteS3Ttl.test_data_unchanged_after_ttl_change" time="194.9563045949999" classname="ydb/tests/olap/ttl_tiering">
			<skipped>ydb/tests/olap/ttl_tiering/ttl_delete_s3.py:214: in test_data_unchanged_after_ttl_change
    change_ttl_and_check(self.days_to_cool, days_to_medium, self.days_to_freeze)
ydb/tests/olap/ttl_tiering/ttl_delete_s3.py:176: in change_ttl_and_check
    raise Exception("Data eviction has not been started")
E   Exception: Data eviction has not been started

logsdir:
/home/runner/actions_runner/_work/ydb/ydb/tmp/out/ydb/tests/olap/ttl_tiering/test-results/py3test/testing_out_stuff
log:
/home/runner/actions_runner/_work/ydb/ydb/tmp/out/ydb/tests/olap/ttl_tiering/test-results/py3test/testing_out_stuff/ttl_delete_s3.py.TestDeleteS3Ttl.test_data_unchanged_after_ttl_change.log</skipped><properties><property name="mute" value="automatically muted based on rules" /><property name="url:log" value="https://storage.yandexcloud.net/ydb-gh-logs/ydb-platform/ydb/PR-check/13185390123/ya-x86-64/try_3/artifacts/logs/ydb/tests/olap/ttl_tiering/test-results/py3test/testing_out_stuff/ttl_delete_s3.py.TestDeleteS3Ttl.test_data_unchanged_after_ttl_change.log" /><property name="url:logsdir" value="https://storage.yandexcloud.net/ydb-gh-logs/ydb-platform/ydb/PR-check/13185390123/ya-x86-64/try_3/test_artifacts/ydb-tests-olap-ttl_tiering.zip" /></properties></testcase>
	</testsuite>
	<testsuite name="ydb/tests/postgres_integrations/go-libpq" tests="65" time="37.15145498298989" failures="64" skipped="0">
		<testcase name="[docker_wrapper_test.py] chunk chunk" time="0.0" classname="ydb/tests/postgres_integrations/go-libpq"><properties><property name="url:logsdir" value="https://storage.yandexcloud.net/ydb-gh-logs/ydb-platform/ydb/PR-check/13185390123/ya-x86-64/try_3/test_artifacts/ydb-tests-postgres_integrations-go-libpq.zip" /></properties></testcase>
		<testcase name="docker_wrapper_test.py.test_pg_generated[TestArrayValueBackend]" time="36.01129057899925" classname="ydb/tests/postgres_integrations/go-libpq">
			<skipped>ydb/tests/postgres_integrations/go-libpq/docker_wrapper_test.py:23: in test_pg_generated
    tl.execute_test(testname)
ydb/tests/postgres_integrations/library/pytest_integration.py:221: in execute_test
    pytest.fail()
E   Failed

logsdir:
/home/runner/actions_runner/_work/ydb/ydb/tmp/out/ydb/tests/postgres_integrations/go-libpq/test-results/py3test/testing_out_stuff
log:
/home/runner/actions_runner/_work/ydb/ydb/tmp/out/ydb/tests/postgres_integrations/go-libpq/test-results/py3test/testing_out_stuff/docker_wrapper_test.py.test_pg_generated.TestArrayValueBackend.log</skipped><properties><property name="mute" value="automatically muted based on rules" /><property name="url:log" value="https://storage.yandexcloud.net/ydb-gh-logs/ydb-platform/ydb/PR-check/13185390123/ya-x86-64/try_3/artifacts/logs/ydb/tests/postgres_integrations/go-libpq/test-results/py3test/testing_out_stuff/docker_wrapper_test.py.test_pg_generated.TestArrayValueBackend.log" /><property name="url:logsdir" value="https://storage.yandexcloud.net/ydb-gh-logs/ydb-platform/ydb/PR-check/13185390123/ya-x86-64/try_3/test_artifacts/ydb-tests-postgres_integrations-go-libpq.zip" /></properties></testcase>
		<testcase name="docker_wrapper_test.py.test_pg_generated[TestBinaryByteSliceToInt]" time="0.002516684999136487" classname="ydb/tests/postgres_integrations/go-libpq">
			<skipped>ydb/tests/postgres_integrations/go-libpq/docker_wrapper_test.py:23: in test_pg_generated
    tl.execute_test(testname)
ydb/tests/postgres_integrations/library/pytest_integration.py:221: in execute_test
    pytest.fail()
E   Failed

logsdir:
/home/runner/actions_runner/_work/ydb/ydb/tmp/out/ydb/tests/postgres_integrations/go-libpq/test-results/py3test/testing_out_stuff
log:
/home/runner/actions_runner/_work/ydb/ydb/tmp/out/ydb/tests/postgres_integrations/go-libpq/test-results/py3test/testing_out_stuff/docker_wrapper_test.py.test_pg_generated.TestBinaryByteSliceToInt.log</skipped><properties><property name="mute" value="automatically muted based on rules" /><property name="url:log" value="https://storage.yandexcloud.net/ydb-gh-logs/ydb-platform/ydb/PR-check/13185390123/ya-x86-64/try_3/artifacts/logs/ydb/tests/postgres_integrations/go-libpq/test-results/py3test/testing_out_stuff/docker_wrapper_test.py.test_pg_generated.TestBinaryByteSliceToInt.log" /><property name="url:logsdir" value="https://storage.yandexcloud.net/ydb-gh-logs/ydb-platform/ydb/PR-check/13185390123/ya-x86-64/try_3/test_artifacts/ydb-tests-postgres_integrations-go-libpq.zip" /></properties></testcase>
		<testcase name="docker_wrapper_test.py.test_pg_generated[TestBinaryByteSlicetoUUID]" time="0.0021711399995183456" classname="ydb/tests/postgres_integrations/go-libpq">
			<skipped>ydb/tests/postgres_integrations/go-libpq/docker_wrapper_test.py:23: in test_pg_generated
    tl.execute_test(testname)
ydb/tests/postgres_integrations/library/pytest_integration.py:221: in execute_test
    pytest.fail()
E   Failed

logsdir:
/home/runner/actions_runner/_work/ydb/ydb/tmp/out/ydb/tests/postgres_integrations/go-libpq/test-results/py3test/testing_out_stuff
log:
/home/runner/actions_runner/_work/ydb/ydb/tmp/out/ydb/tests/postgres_integrations/go-libpq/test-results/py3test/testing_out_stuff/docker_wrapper_test.py.test_pg_generated.TestBinaryByteSlicetoUUID.log</skipped><properties><property name="mute" value="automatically muted based on rules" /><property name="url:log" value="https://storage.yandexcloud.net/ydb-gh-logs/ydb-platform/ydb/PR-check/13185390123/ya-x86-64/try_3/artifacts/logs/ydb/tests/postgres_integrations/go-libpq/test-results/py3test/testing_out_stuff/docker_wrapper_test.py.test_pg_generated.TestBinaryByteSlicetoUUID.log" /><property name="url:logsdir" value="https://storage.yandexcloud.net/ydb-gh-logs/ydb-platform/ydb/PR-check/13185390123/ya-x86-64/try_3/test_artifacts/ydb-tests-postgres_integrations-go-libpq.zip" /></properties></testcase>
		<testcase name="docker_wrapper_test.py.test_pg_generated[TestBindError]" time="0.0021848630012755166" classname="ydb/tests/postgres_integrations/go-libpq">
			<skipped>ydb/tests/postgres_integrations/go-libpq/docker_wrapper_test.py:23: in test_pg_generated
    tl.execute_test(testname)
ydb/tests/postgres_integrations/library/pytest_integration.py:221: in execute_test
    pytest.fail()
E   Failed

logsdir:
/home/runner/actions_runner/_work/ydb/ydb/tmp/out/ydb/tests/postgres_integrations/go-libpq/test-results/py3test/testing_out_stuff
log:
/home/runner/actions_runner/_work/ydb/ydb/tmp/out/ydb/tests/postgres_integrations/go-libpq/test-results/py3test/testing_out_stuff/docker_wrapper_test.py.test_pg_generated.TestBindError.log</skipped><properties><property name="mute" value="automatically muted based on rules" /><property name="url:log" value="https://storage.yandexcloud.net/ydb-gh-logs/ydb-platform/ydb/PR-check/13185390123/ya-x86-64/try_3/artifacts/logs/ydb/tests/postgres_integrations/go-libpq/test-results/py3test/testing_out_stuff/docker_wrapper_test.py.test_pg_generated.TestBindError.log" /><property name="url:logsdir" value="https://storage.yandexcloud.net/ydb-gh-logs/ydb-platform/ydb/PR-check/13185390123/ya-x86-64/try_3/test_artifacts/ydb-tests-postgres_integrations-go-libpq.zip" /></properties></testcase>
		<testcase name="docker_wrapper_test.py.test_pg_generated[TestCommit]" time="0.0020879399990008096" classname="ydb/tests/postgres_integrations/go-libpq">
			<skipped>ydb/tests/postgres_integrations/go-libpq/docker_wrapper_test.py:23: in test_pg_generated
    tl.execute_test(testname)
ydb/tests/postgres_integrations/library/pytest_integration.py:221: in execute_test
    pytest.fail()
E   Failed

logsdir:
/home/runner/actions_runner/_work/ydb/ydb/tmp/out/ydb/tests/postgres_integrations/go-libpq/test-results/py3test/testing_out_stuff
log:
/home/runner/actions_runner/_work/ydb/ydb/tmp/out/ydb/tests/postgres_integrations/go-libpq/test-results/py3test/testing_out_stuff/docker_wrapper_test.py.test_pg_generated.TestCommit.log</skipped><properties><property name="mute" value="automatically muted based on rules" /><property name="url:log" value="https://storage.yandexcloud.net/ydb-gh-logs/ydb-platform/ydb/PR-check/13185390123/ya-x86-64/try_3/artifacts/logs/ydb/tests/postgres_integrations/go-libpq/test-results/py3test/testing_out_stuff/docker_wrapper_test.py.test_pg_generated.TestCommit.log" /><property name="url:logsdir" value="https://storage.yandexcloud.net/ydb-gh-logs/ydb-platform/ydb/PR-check/13185390123/ya-x86-64/try_3/test_artifacts/ydb-tests-postgres_integrations-go-libpq.zip" /></properties></testcase>
		<testcase name="docker_wrapper_test.py.test_pg_generated[TestConnListen]" time="0.002108441998643684" classname="ydb/tests/postgres_integrations/go-libpq">
			<skipped>ydb/tests/postgres_integrations/go-libpq/docker_wrapper_test.py:23: in test_pg_generated
    tl.execute_test(testname)
ydb/tests/postgres_integrations/library/pytest_integration.py:221: in execute_test
    pytest.fail()
E   Failed

logsdir:
/home/runner/actions_runner/_work/ydb/ydb/tmp/out/ydb/tests/postgres_integrations/go-libpq/test-results/py3test/testing_out_stuff
log:
/home/runner/actions_runner/_work/ydb/ydb/tmp/out/ydb/tests/postgres_integrations/go-libpq/test-results/py3test/testing_out_stuff/docker_wrapper_test.py.test_pg_generated.TestConnListen.log</skipped><properties><property name="mute" value="automatically muted based on rules" /><property name="url:log" value="https://storage.yandexcloud.net/ydb-gh-logs/ydb-platform/ydb/PR-check/13185390123/ya-x86-64/try_3/artifacts/logs/ydb/tests/postgres_integrations/go-libpq/test-results/py3test/testing_out_stuff/docker_wrapper_test.py.test_pg_generated.TestConnListen.log" /><property name="url:logsdir" value="https://storage.yandexcloud.net/ydb-gh-logs/ydb-platform/ydb/PR-check/13185390123/ya-x86-64/try_3/test_artifacts/ydb-tests-postgres_integrations-go-libpq.zip" /></properties></testcase>
		<testcase name="docker_wrapper_test.py.test_pg_generated[TestConnPing]" time="0.0026898979995166883" classname="ydb/tests/postgres_integrations/go-libpq">
			<skipped>ydb/tests/postgres_integrations/go-libpq/docker_wrapper_test.py:23: in test_pg_generated
    tl.execute_test(testname)
ydb/tests/postgres_integrations/library/pytest_integration.py:221: in execute_test
    pytest.fail()
E   Failed

logsdir:
/home/runner/actions_runner/_work/ydb/ydb/tmp/out/ydb/tests/postgres_integrations/go-libpq/test-results/py3test/testing_out_stuff
log:
/home/runner/actions_runner/_work/ydb/ydb/tmp/out/ydb/tests/postgres_integrations/go-libpq/test-results/py3test/testing_out_stuff/docker_wrapper_test.py.test_pg_generated.TestConnPing.log</skipped><properties><property name="mute" value="automatically muted based on rules" /><property name="url:log" value="https://storage.yandexcloud.net/ydb-gh-logs/ydb-platform/ydb/PR-check/13185390123/ya-x86-64/try_3/artifacts/logs/ydb/tests/postgres_integrations/go-libpq/test-results/py3test/testing_out_stuff/docker_wrapper_test.py.test_pg_generated.TestConnPing.log" /><property name="url:logsdir" value="https://storage.yandexcloud.net/ydb-gh-logs/ydb-platform/ydb/PR-check/13185390123/ya-x86-64/try_3/test_artifacts/ydb-tests-postgres_integrations-go-libpq.zip" /></properties></testcase>
		<testcase name="docker_wrapper_test.py.test_pg_generated[TestConnUnlisten]" time="0.003631190999840328" classname="ydb/tests/postgres_integrations/go-libpq">
			<skipped>ydb/tests/postgres_integrations/go-libpq/docker_wrapper_test.py:23: in test_pg_generated
    tl.execute_test(testname)
ydb/tests/postgres_integrations/library/pytest_integration.py:221: in execute_test
    pytest.fail()
E   Failed

logsdir:
/home/runner/actions_runner/_work/ydb/ydb/tmp/out/ydb/tests/postgres_integrations/go-libpq/test-results/py3test/testing_out_stuff
log:
/home/runner/actions_runner/_work/ydb/ydb/tmp/out/ydb/tests/postgres_integrations/go-libpq/test-results/py3test/testing_out_stuff/docker_wrapper_test.py.test_pg_generated.TestConnUnlisten.log</skipped><properties><property name="mute" value="automatically muted based on rules" /><property name="url:log" value="https://storage.yandexcloud.net/ydb-gh-logs/ydb-platform/ydb/PR-check/13185390123/ya-x86-64/try_3/artifacts/logs/ydb/tests/postgres_integrations/go-libpq/test-results/py3test/testing_out_stuff/docker_wrapper_test.py.test_pg_generated.TestConnUnlisten.log" /><property name="url:logsdir" value="https://storage.yandexcloud.net/ydb-gh-logs/ydb-platform/ydb/PR-check/13185390123/ya-x86-64/try_3/test_artifacts/ydb-tests-postgres_integrations-go-libpq.zip" /></properties></testcase>
		<testcase name="docker_wrapper_test.py.test_pg_generated[TestConnUnlistenAll]" time="0.0022191329990164377" classname="ydb/tests/postgres_integrations/go-libpq">
			<skipped>ydb/tests/postgres_integrations/go-libpq/docker_wrapper_test.py:23: in test_pg_generated
    tl.execute_test(testname)
ydb/tests/postgres_integrations/library/pytest_integration.py:221: in execute_test
    pytest.fail()
E   Failed

logsdir:
/home/runner/actions_runner/_work/ydb/ydb/tmp/out/ydb/tests/postgres_integrations/go-libpq/test-results/py3test/testing_out_stuff
log:
/home/runner/actions_runner/_work/ydb/ydb/tmp/out/ydb/tests/postgres_integrations/go-libpq/test-results/py3test/testing_out_stuff/docker_wrapper_test.py.test_pg_generated.TestConnUnlistenAll.log</skipped><properties><property name="mute" value="automatically muted based on rules" /><property name="url:log" value="https://storage.yandexcloud.net/ydb-gh-logs/ydb-platform/ydb/PR-check/13185390123/ya-x86-64/try_3/artifacts/logs/ydb/tests/postgres_integrations/go-libpq/test-results/py3test/testing_out_stuff/docker_wrapper_test.py.test_pg_generated.TestConnUnlistenAll.log" /><property name="url:logsdir" value="https://storage.yandexcloud.net/ydb-gh-logs/ydb-platform/ydb/PR-check/13185390123/ya-x86-64/try_3/test_artifacts/ydb-tests-postgres_integrations-go-libpq.zip" /></properties></testcase>
		<testcase name="docker_wrapper_test.py.test_pg_generated[TestConnectorWithNoticeHandler_Simple]" time="0.0021222640007181326" classname="ydb/tests/postgres_integrations/go-libpq">
			<skipped>ydb/tests/postgres_integrations/go-libpq/docker_wrapper_test.py:23: in test_pg_generated
    tl.execute_test(testname)
ydb/tests/postgres_integrations/library/pytest_integration.py:221: in execute_test
    pytest.fail()
E   Failed

logsdir:
/home/runner/actions_runner/_work/ydb/ydb/tmp/out/ydb/tests/postgres_integrations/go-libpq/test-results/py3test/testing_out_stuff
log:
/home/runner/actions_runner/_work/ydb/ydb/tmp/out/ydb/tests/postgres_integrations/go-libpq/test-results/py3test/testing_out_stuff/docker_wrapper_test.py.test_pg_generated.TestConnectorWithNoticeHandler_Simple.log</skipped><properties><property name="mute" value="automatically muted based on rules" /><property name="url:log" value="https://storage.yandexcloud.net/ydb-gh-logs/ydb-platform/ydb/PR-check/13185390123/ya-x86-64/try_3/artifacts/logs/ydb/tests/postgres_integrations/go-libpq/test-results/py3test/testing_out_stuff/docker_wrapper_test.py.test_pg_generated.TestConnectorWithNoticeHandler_Simple.log" /><property name="url:logsdir" value="https://storage.yandexcloud.net/ydb-gh-logs/ydb-platform/ydb/PR-check/13185390123/ya-x86-64/try_3/test_artifacts/ydb-tests-postgres_integrations-go-libpq.zip" /></properties></testcase>
		<testcase name="docker_wrapper_test.py.test_pg_generated[TestConnectorWithNotificationHandler_Simple]" time="0.0021245619991532294" classname="ydb/tests/postgres_integrations/go-libpq">
			<skipped>ydb/tests/postgres_integrations/go-libpq/docker_wrapper_test.py:23: in test_pg_generated
    tl.execute_test(testname)
ydb/tests/postgres_integrations/library/pytest_integration.py:221: in execute_test
    pytest.fail()
E   Failed

logsdir:
/home/runner/actions_runner/_work/ydb/ydb/tmp/out/ydb/tests/postgres_integrations/go-libpq/test-results/py3test/testing_out_stuff
log:
/home/runner/actions_runner/_work/ydb/ydb/tmp/out/ydb/tests/postgres_integrations/go-libpq/test-results/py3test/testing_out_stuff/docker_wrapper_test.py.test_pg_generated.TestConnectorWithNotificationHandler_Simple.log</skipped><properties><property name="mute" value="automatically muted based on rules" /><property name="url:log" value="https://storage.yandexcloud.net/ydb-gh-logs/ydb-platform/ydb/PR-check/13185390123/ya-x86-64/try_3/artifacts/logs/ydb/tests/postgres_integrations/go-libpq/test-results/py3test/testing_out_stuff/docker_wrapper_test.py.test_pg_generated.TestConnectorWithNotificationHandler_Simple.log" /><property name="url:logsdir" value="https://storage.yandexcloud.net/ydb-gh-logs/ydb-platform/ydb/PR-check/13185390123/ya-x86-64/try_3/test_artifacts/ydb-tests-postgres_integrations-go-libpq.zip" /></properties></testcase>
		<testcase name="docker_wrapper_test.py.test_pg_generated[TestContextCancelBegin]" time="0.002311582000402268" classname="ydb/tests/postgres_integrations/go-libpq">
			<skipped>ydb/tests/postgres_integrations/go-libpq/docker_wrapper_test.py:23: in test_pg_generated
    tl.execute_test(testname)
ydb/tests/postgres_integrations/library/pytest_integration.py:221: in execute_test
    pytest.fail()
E   Failed

logsdir:
/home/runner/actions_runner/_work/ydb/ydb/tmp/out/ydb/tests/postgres_integrations/go-libpq/test-results/py3test/testing_out_stuff
log:
/home/runner/actions_runner/_work/ydb/ydb/tmp/out/ydb/tests/postgres_integrations/go-libpq/test-results/py3test/testing_out_stuff/docker_wrapper_test.py.test_pg_generated.TestContextCancelBegin.log</skipped><properties><property name="mute" value="automatically muted based on rules" /><property name="url:log" value="https://storage.yandexcloud.net/ydb-gh-logs/ydb-platform/ydb/PR-check/13185390123/ya-x86-64/try_3/artifacts/logs/ydb/tests/postgres_integrations/go-libpq/test-results/py3test/testing_out_stuff/docker_wrapper_test.py.test_pg_generated.TestContextCancelBegin.log" /><property name="url:logsdir" value="https://storage.yandexcloud.net/ydb-gh-logs/ydb-platform/ydb/PR-check/13185390123/ya-x86-64/try_3/test_artifacts/ydb-tests-postgres_integrations-go-libpq.zip" /></properties></testcase>
		<testcase name="docker_wrapper_test.py.test_pg_generated[TestCopyFromError]" time="0.002088709999952698" classname="ydb/tests/postgres_integrations/go-libpq">
			<skipped>ydb/tests/postgres_integrations/go-libpq/docker_wrapper_test.py:23: in test_pg_generated
    tl.execute_test(testname)
ydb/tests/postgres_integrations/library/pytest_integration.py:221: in execute_test
    pytest.fail()
E   Failed

logsdir:
/home/runner/actions_runner/_work/ydb/ydb/tmp/out/ydb/tests/postgres_integrations/go-libpq/test-results/py3test/testing_out_stuff
log:
/home/runner/actions_runner/_work/ydb/ydb/tmp/out/ydb/tests/postgres_integrations/go-libpq/test-results/py3test/testing_out_stuff/docker_wrapper_test.py.test_pg_generated.TestCopyFromError.log</skipped><properties><property name="mute" value="automatically muted based on rules" /><property name="url:log" value="https://storage.yandexcloud.net/ydb-gh-logs/ydb-platform/ydb/PR-check/13185390123/ya-x86-64/try_3/artifacts/logs/ydb/tests/postgres_integrations/go-libpq/test-results/py3test/testing_out_stuff/docker_wrapper_test.py.test_pg_generated.TestCopyFromError.log" /><property name="url:logsdir" value="https://storage.yandexcloud.net/ydb-gh-logs/ydb-platform/ydb/PR-check/13185390123/ya-x86-64/try_3/test_artifacts/ydb-tests-postgres_integrations-go-libpq.zip" /></properties></testcase>
		<testcase name="docker_wrapper_test.py.test_pg_generated[TestCopyInBinaryError]" time="0.002243298000394134" classname="ydb/tests/postgres_integrations/go-libpq">
			<skipped>ydb/tests/postgres_integrations/go-libpq/docker_wrapper_test.py:23: in test_pg_generated
    tl.execute_test(testname)
ydb/tests/postgres_integrations/library/pytest_integration.py:221: in execute_test
    pytest.fail()
E   Failed

logsdir:
/home/runner/actions_runner/_work/ydb/ydb/tmp/out/ydb/tests/postgres_integrations/go-libpq/test-results/py3test/testing_out_stuff
log:
/home/runner/actions_runner/_work/ydb/ydb/tmp/out/ydb/tests/postgres_integrations/go-libpq/test-results/py3test/testing_out_stuff/docker_wrapper_test.py.test_pg_generated.TestCopyInBinaryError.log</skipped><properties><property name="mute" value="automatically muted based on rules" /><property name="url:log" value="https://storage.yandexcloud.net/ydb-gh-logs/ydb-platform/ydb/PR-check/13185390123/ya-x86-64/try_3/artifacts/logs/ydb/tests/postgres_integrations/go-libpq/test-results/py3test/testing_out_stuff/docker_wrapper_test.py.test_pg_generated.TestCopyInBinaryError.log" /><property name="url:logsdir" value="https://storage.yandexcloud.net/ydb-gh-logs/ydb-platform/ydb/PR-check/13185390123/ya-x86-64/try_3/test_artifacts/ydb-tests-postgres_integrations-go-libpq.zip" /></properties></testcase>
		<testcase name="docker_wrapper_test.py.test_pg_generated[TestCopyInMultipleValues]" time="0.002084255000227131" classname="ydb/tests/postgres_integrations/go-libpq">
			<skipped>ydb/tests/postgres_integrations/go-libpq/docker_wrapper_test.py:23: in test_pg_generated
    tl.execute_test(testname)
ydb/tests/postgres_integrations/library/pytest_integration.py:221: in execute_test
    pytest.fail()
E   Failed

logsdir:
/home/runner/actions_runner/_work/ydb/ydb/tmp/out/ydb/tests/postgres_integrations/go-libpq/test-results/py3test/testing_out_stuff
log:
/home/runner/actions_runner/_work/ydb/ydb/tmp/out/ydb/tests/postgres_integrations/go-libpq/test-results/py3test/testing_out_stuff/docker_wrapper_test.py.test_pg_generated.TestCopyInMultipleValues.log</skipped><properties><property name="mute" value="automatically muted based on rules" /><property name="url:log" value="https://storage.yandexcloud.net/ydb-gh-logs/ydb-platform/ydb/PR-check/13185390123/ya-x86-64/try_3/artifacts/logs/ydb/tests/postgres_integrations/go-libpq/test-results/py3test/testing_out_stuff/docker_wrapper_test.py.test_pg_generated.TestCopyInMultipleValues.log" /><property name="url:logsdir" value="https://storage.yandexcloud.net/ydb-gh-logs/ydb-platform/ydb/PR-check/13185390123/ya-x86-64/try_3/test_artifacts/ydb-tests-postgres_integrations-go-libpq.zip" /></properties></testcase>
		<testcase name="docker_wrapper_test.py.test_pg_generated[TestCopyInRaiseStmtTrigger]" time="0.0021279759994285996" classname="ydb/tests/postgres_integrations/go-libpq">
			<skipped>ydb/tests/postgres_integrations/go-libpq/docker_wrapper_test.py:23: in test_pg_generated
    tl.execute_test(testname)
ydb/tests/postgres_integrations/library/pytest_integration.py:221: in execute_test
    pytest.fail()
E   Failed

logsdir:
/home/runner/actions_runner/_work/ydb/ydb/tmp/out/ydb/tests/postgres_integrations/go-libpq/test-results/py3test/testing_out_stuff
log:
/home/runner/actions_runner/_work/ydb/ydb/tmp/out/ydb/tests/postgres_integrations/go-libpq/test-results/py3test/testing_out_stuff/docker_wrapper_test.py.test_pg_generated.TestCopyInRaiseStmtTrigger.log</skipped><properties><property name="mute" value="automatically muted based on rules" /><property name="url:log" value="https://storage.yandexcloud.net/ydb-gh-logs/ydb-platform/ydb/PR-check/13185390123/ya-x86-64/try_3/artifacts/logs/ydb/tests/postgres_integrations/go-libpq/test-results/py3test/testing_out_stuff/docker_wrapper_test.py.test_pg_generated.TestCopyInRaiseStmtTrigger.log" /><property name="url:logsdir" value="https://storage.yandexcloud.net/ydb-gh-logs/ydb-platform/ydb/PR-check/13185390123/ya-x86-64/try_3/test_artifacts/ydb-tests-postgres_integrations-go-libpq.zip" /></properties></testcase>
		<testcase name="docker_wrapper_test.py.test_pg_generated[TestCopyInStmtAffectedRows]" time="0.0020577900004354888" classname="ydb/tests/postgres_integrations/go-libpq">
			<skipped>ydb/tests/postgres_integrations/go-libpq/docker_wrapper_test.py:23: in test_pg_generated
    tl.execute_test(testname)
ydb/tests/postgres_integrations/library/pytest_integration.py:221: in execute_test
    pytest.fail()
E   Failed

logsdir:
/home/runner/actions_runner/_work/ydb/ydb/tmp/out/ydb/tests/postgres_integrations/go-libpq/test-results/py3test/testing_out_stuff
log:
/home/runner/actions_runner/_work/ydb/ydb/tmp/out/ydb/tests/postgres_integrations/go-libpq/test-results/py3test/testing_out_stuff/docker_wrapper_test.py.test_pg_generated.TestCopyInStmtAffectedRows.log</skipped><properties><property name="mute" value="automatically muted based on rules" /><property name="url:log" value="https://storage.yandexcloud.net/ydb-gh-logs/ydb-platform/ydb/PR-check/13185390123/ya-x86-64/try_3/artifacts/logs/ydb/tests/postgres_integrations/go-libpq/test-results/py3test/testing_out_stuff/docker_wrapper_test.py.test_pg_generated.TestCopyInStmtAffectedRows.log" /><property name="url:logsdir" value="https://storage.yandexcloud.net/ydb-gh-logs/ydb-platform/ydb/PR-check/13185390123/ya-x86-64/try_3/test_artifacts/ydb-tests-postgres_integrations-go-libpq.zip" /></properties></testcase>
		<testcase name="docker_wrapper_test.py.test_pg_generated[TestCopyInTypes]" time="0.002238176999526331" classname="ydb/tests/postgres_integrations/go-libpq">
			<skipped>ydb/tests/postgres_integrations/go-libpq/docker_wrapper_test.py:23: in test_pg_generated
    tl.execute_test(testname)
ydb/tests/postgres_integrations/library/pytest_integration.py:221: in execute_test
    pytest.fail()
E   Failed

logsdir:
/home/runner/actions_runner/_work/ydb/ydb/tmp/out/ydb/tests/postgres_integrations/go-libpq/test-results/py3test/testing_out_stuff
log:
/home/runner/actions_runner/_work/ydb/ydb/tmp/out/ydb/tests/postgres_integrations/go-libpq/test-results/py3test/testing_out_stuff/docker_wrapper_test.py.test_pg_generated.TestCopyInTypes.log</skipped><properties><property name="mute" value="automatically muted based on rules" /><property name="url:log" value="https://storage.yandexcloud.net/ydb-gh-logs/ydb-platform/ydb/PR-check/13185390123/ya-x86-64/try_3/artifacts/logs/ydb/tests/postgres_integrations/go-libpq/test-results/py3test/testing_out_stuff/docker_wrapper_test.py.test_pg_generated.TestCopyInTypes.log" /><property name="url:logsdir" value="https://storage.yandexcloud.net/ydb-gh-logs/ydb-platform/ydb/PR-check/13185390123/ya-x86-64/try_3/test_artifacts/ydb-tests-postgres_integrations-go-libpq.zip" /></properties></testcase>
		<testcase name="docker_wrapper_test.py.test_pg_generated[TestCopyInWrongType]" time="0.0022612609991483623" classname="ydb/tests/postgres_integrations/go-libpq">
			<skipped>ydb/tests/postgres_integrations/go-libpq/docker_wrapper_test.py:23: in test_pg_generated
    tl.execute_test(testname)
ydb/tests/postgres_integrations/library/pytest_integration.py:221: in execute_test
    pytest.fail()
E   Failed

logsdir:
/home/runner/actions_runner/_work/ydb/ydb/tmp/out/ydb/tests/postgres_integrations/go-libpq/test-results/py3test/testing_out_stuff
log:
/home/runner/actions_runner/_work/ydb/ydb/tmp/out/ydb/tests/postgres_integrations/go-libpq/test-results/py3test/testing_out_stuff/docker_wrapper_test.py.test_pg_generated.TestCopyInWrongType.log</skipped><properties><property name="mute" value="automatically muted based on rules" /><property name="url:log" value="https://storage.yandexcloud.net/ydb-gh-logs/ydb-platform/ydb/PR-check/13185390123/ya-x86-64/try_3/artifacts/logs/ydb/tests/postgres_integrations/go-libpq/test-results/py3test/testing_out_stuff/docker_wrapper_test.py.test_pg_generated.TestCopyInWrongType.log" /><property name="url:logsdir" value="https://storage.yandexcloud.net/ydb-gh-logs/ydb-platform/ydb/PR-check/13185390123/ya-x86-64/try_3/test_artifacts/ydb-tests-postgres_integrations-go-libpq.zip" /></properties></testcase>
		<testcase name="docker_wrapper_test.py.test_pg_generated[TestCopyRespLoopConnectionError]" time="0.0034598409993122914" classname="ydb/tests/postgres_integrations/go-libpq">
			<skipped>ydb/tests/postgres_integrations/go-libpq/docker_wrapper_test.py:23: in test_pg_generated
    tl.execute_test(testname)
ydb/tests/postgres_integrations/library/pytest_integration.py:221: in execute_test
    pytest.fail()
E   Failed

logsdir:
/home/runner/actions_runner/_work/ydb/ydb/tmp/out/ydb/tests/postgres_integrations/go-libpq/test-results/py3test/testing_out_stuff
log:
/home/runner/actions_runner/_work/ydb/ydb/tmp/out/ydb/tests/postgres_integrations/go-libpq/test-results/py3test/testing_out_stuff/docker_wrapper_test.py.test_pg_generated.TestCopyRespLoopConnectionError.log</skipped><properties><property name="mute" value="automatically muted based on rules" /><property name="url:log" value="https://storage.yandexcloud.net/ydb-gh-logs/ydb-platform/ydb/PR-check/13185390123/ya-x86-64/try_3/artifacts/logs/ydb/tests/postgres_integrations/go-libpq/test-results/py3test/testing_out_stuff/docker_wrapper_test.py.test_pg_generated.TestCopyRespLoopConnectionError.log" /><property name="url:logsdir" value="https://storage.yandexcloud.net/ydb-gh-logs/ydb-platform/ydb/PR-check/13185390123/ya-x86-64/try_3/test_artifacts/ydb-tests-postgres_integrations-go-libpq.zip" /></properties></testcase>
		<testcase name="docker_wrapper_test.py.test_pg_generated[TestCopySyntaxError]" time="0.0020028569997521117" classname="ydb/tests/postgres_integrations/go-libpq">
			<skipped>ydb/tests/postgres_integrations/go-libpq/docker_wrapper_test.py:23: in test_pg_generated
    tl.execute_test(testname)
ydb/tests/postgres_integrations/library/pytest_integration.py:221: in execute_test
    pytest.fail()
E   Failed

logsdir:
/home/runner/actions_runner/_work/ydb/ydb/tmp/out/ydb/tests/postgres_integrations/go-libpq/test-results/py3test/testing_out_stuff
log:
/home/runner/actions_runner/_work/ydb/ydb/tmp/out/ydb/tests/postgres_integrations/go-libpq/test-results/py3test/testing_out_stuff/docker_wrapper_test.py.test_pg_generated.TestCopySyntaxError.log</skipped><properties><property name="mute" value="automatically muted based on rules" /><property name="url:log" value="https://storage.yandexcloud.net/ydb-gh-logs/ydb-platform/ydb/PR-check/13185390123/ya-x86-64/try_3/artifacts/logs/ydb/tests/postgres_integrations/go-libpq/test-results/py3test/testing_out_stuff/docker_wrapper_test.py.test_pg_generated.TestCopySyntaxError.log" /><property name="url:logsdir" value="https://storage.yandexcloud.net/ydb-gh-logs/ydb-platform/ydb/PR-check/13185390123/ya-x86-64/try_3/test_artifacts/ydb-tests-postgres_integrations-go-libpq.zip" /></properties></testcase>
[...]
6. /tmp//-S/ydb/core/kqp/ut/tx/kqp_snapshot_isolation_ut.cpp:14: Execute @ 0x128E9C9A
7. /tmp//-S/library/cpp/testing/unittest/registar.cpp:495: Execute @ 0x12BA5832
8. /tmp//-S/library/cpp/testing/unittest/utmain.cpp:872: RunMain @ 0x12BB6CBC
9. ??:0: ?? @ 0x7F942F6E4D8F
10. ??:0: ?? @ 0x7F942F6E4E3F
11. ??:0: ?? @ 0x11B5A028


logsdir:
/home/runner/actions_runner/_work/ydb/ydb/tmp/out/ydb/core/kqp/ut/tx/test-results/unittest/testing_out_stuff
stderr:
/home/runner/actions_runner/_work/ydb/ydb/tmp/out/ydb/core/kqp/ut/tx/test-results/unittest/testing_out_stuff/KqpSnapshotIsolation.TConflictWriteOltpNoSink.err
stdout:
/home/runner/actions_runner/_work/ydb/ydb/tmp/out/ydb/core/kqp/ut/tx/test-results/unittest/testing_out_stuff/KqpSnapshotIsolation.TConflictWriteOltpNoSink.out</skipped><properties><property name="mute" value="automatically muted based on rules" /><property name="url:stdout" value="https://storage.yandexcloud.net/ydb-gh-logs/ydb-platform/ydb/PR-check/13185390123/ya-x86-64/try_3/artifacts/logs/ydb/core/kqp/ut/tx/test-results/unittest/testing_out_stuff/KqpSnapshotIsolation.TConflictWriteOltpNoSink.out" /><property name="url:stderr" value="https://storage.yandexcloud.net/ydb-gh-logs/ydb-platform/ydb/PR-check/13185390123/ya-x86-64/try_3/artifacts/logs/ydb/core/kqp/ut/tx/test-results/unittest/testing_out_stuff/KqpSnapshotIsolation.TConflictWriteOltpNoSink.err" /><property name="url:logsdir" value="https://storage.yandexcloud.net/ydb-gh-logs/ydb-platform/ydb/PR-check/13185390123/ya-x86-64/try_3/test_artifacts/ydb-core-kqp-ut-tx.zip" /></properties></testcase>
	</testsuite>
	<testsuite name="ydb/core/mind/hive/ut" tests="1" time="0.46345" failures="1" skipped="0">
		<testcase name="[0/10] chunk chunk" time="0.0" classname="ydb/core/mind/hive/ut"><properties><property name="url:logsdir" value="https://storage.yandexcloud.net/ydb-gh-logs/ydb-platform/ydb/PR-check/13185390123/ya-x86-64/try_3/test_artifacts/ydb-core-mind-hive-ut.zip" /></properties></testcase>
		<testcase name="THiveTest.TestReassignUseRelativeSpace" time="0.46345" classname="ydb/core/mind/hive/ut">
			<skipped>assertion failed at ydb/core/mind/hive/hive_ut.cpp:3103, virtual void NKikimr::NTestSuiteTHiveTest::TTestCaseTestReassignUseRelativeSpace::Execute_(NUnitTest::TTestContext &amp;amp;): (getGroup(tabletId) == goodGroup) failed: (2147483649 != 2147483663) 
Get at /-S/util/generic/ptr.h:579:16
~TStringBuilder at /-S/util/string/builder.h:8:11
NKikimr::NTestSuiteTHiveTest::TCurrentTest::Execute()::'lambda'()::operator()() const at /-S/ydb/core/mind/hive/hive_ut.cpp:0:1
~__value_func at /-S/contrib/libs/cxxsupp/libcxx/include/__functional/function.h:395:16
UnRef at /-S/util/generic/ptr.h:624:13
NUnitTest::TTestFactory::Execute() at /-S/library/cpp/testing/unittest/registar.cpp:0:19
NUnitTest::RunMain(int, char**) at /-S/library/cpp/testing/unittest/utmain.cpp:0:0
?? at ??:0:0
?? at ??:0:0
_start at ??:0:0


logsdir:
/home/runner/actions_runner/_work/ydb/ydb/tmp/out/ydb/core/mind/hive/ut/test-results/unittest/testing_out_stuff
stderr:
/home/runner/actions_runner/_work/ydb/ydb/tmp/out/ydb/core/mind/hive/ut/test-results/unittest/testing_out_stuff/THiveTest.TestReassignUseRelativeSpace.err
stdout:
/home/runner/actions_runner/_work/ydb/ydb/tmp/out/ydb/core/mind/hive/ut/test-results/unittest/testing_out_stuff/THiveTest.TestReassignUseRelativeSpace.out</skipped><properties><property name="mute" value="automatically muted based on rules" /><property name="url:stderr" value="https://storage.yandexcloud.net/ydb-gh-logs/ydb-platform/ydb/PR-check/13185390123/ya-x86-64/try_3/artifacts/logs/ydb/core/mind/hive/ut/test-results/unittest/testing_out_stuff/THiveTest.TestReassignUseRelativeSpace.err" /><property name="url:logsdir" value="https://storage.yandexcloud.net/ydb-gh-logs/ydb-platform/ydb/PR-check/13185390123/ya-x86-64/try_3/test_artifacts/ydb-core-mind-hive-ut.zip" /></properties></testcase>
	</testsuite>
	<testsuite name="ydb/core/statistics/aggregator/ut" tests="1" time="536.259852" failures="1" skipped="0">
		<testcase name="[0/60] chunk chunk" time="0.0" classname="ydb/core/statistics/aggregator/ut"><properties><property name="url:logsdir" value="https://storage.yandexcloud.net/ydb-gh-logs/ydb-platform/ydb/PR-check/13185390123/ya-x86-64/try_3/test_artifacts/ydb-core-statistics-aggregator-ut.zip" /></properties></testcase>
		<testcase name="AnalyzeColumnshard.AnalyzeRebootColumnShard" time="536.259852" classname="ydb/core/statistics/aggregator/ut">
			<skipped>(TWithBackTrace&amp;lt;yexception&amp;gt;) ydb/library/actors/testlib/test_runtime.h:576: Exception occured while waiting for NKikimr::NStat::TEvStatistics::TEvAnalyzeResponse: (NActors::TSchedulingLimitReachedException) TestActorRuntime Processed over 100000 events.ydb/library/actors/testlib/test_runtime.cpp:716: 
TWithBackTrace&amp;lt;yexception&amp;gt;::TWithBackTrace&amp;lt;&amp;gt;() at /-S/util/generic/bt_exception.h:16:5
NKikimr::NStat::TEvStatistics::TEvAnalyzeResponse::TPtr NActors::TTestActorRuntimeBase::GrabEdgeEventRethrow&amp;lt;NKikimr::NStat::TEvStatistics::TEvAnalyzeResponse&amp;gt;(NActors::TActorId const&amp;amp;, TDuration) at /-S/ydb/library/actors/testlib/test_runtime.h:0:24
DoDestroy at /-S/util/generic/ptr.h:237:13
NKikimr::NStat::NTestSuiteAnalyzeColumnshard::TCurrentTest::Execute()::'lambda'()::operator()() const at /-S/ydb/core/statistics/aggregator/ut/ut_analyze_columnshard.cpp:0:1
~__value_func at /-S/contrib/libs/cxxsupp/libcxx/include/__functional/function.h:395:16
UnRef at /-S/util/generic/ptr.h:624:13
NUnitTest::TTestFactory::Execute() at /-S/library/cpp/testing/unittest/registar.cpp:0:19
NUnitTest::RunMain(int, char**) at /-S/library/cpp/testing/unittest/utmain.cpp:0:0
?? at ??:0:0
?? at ??:0:0
_start at ??:0:0


logsdir:
/home/runner/actions_runner/_work/ydb/ydb/tmp/out/ydb/core/statistics/aggregator/ut/test-results/unittest/testing_out_stuff
stderr:
/home/runner/actions_runner/_work/ydb/ydb/tmp/out/ydb/core/statistics/aggregator/ut/test-results/unittest/testing_out_stuff/AnalyzeColumnshard.AnalyzeRebootColumnShard.err
stdout:
/home/runner/actions_runner/_work/ydb/ydb/tmp/out/ydb/core/statistics/aggregator/ut/test-results/unittest/testing_out_stuff/AnalyzeColumnshard.AnalyzeRebootColumnShard.out</skipped><properties><property name="mute" value="automatically muted based on rules" /><property name="url:stderr" value="https://storage.yandexcloud.net/ydb-gh-logs/ydb-platform/ydb/PR-check/13185390123/ya-x86-64/try_3/artifacts/logs/ydb/core/statistics/aggregator/ut/test-results/unittest/testing_out_stuff/AnalyzeColumnshard.AnalyzeRebootColumnShard.err" /><property name="url:logsdir" value="https://storage.yandexcloud.net/ydb-gh-logs/ydb-platform/ydb/PR-check/13185390123/ya-x86-64/try_3/test_artifacts/ydb-core-statistics-aggregator-ut.zip" /></properties></testcase>
	</testsuite>
	<testsuite name="ydb/core/tx/datashard/ut_incremental_backup" tests="1" time="121.078447" failures="1" skipped="0">
		<testcase name="[0/4] chunk chunk" time="0.0" classname="ydb/core/tx/datashard/ut_incremental_backup"><properties><property name="url:logsdir" value="https://storage.yandexcloud.net/ydb-gh-logs/ydb-platform/ydb/PR-check/13185390123/ya-x86-64/try_3/test_artifacts/ydb-core-tx-datashard-ut_incremental_backup.zip" /></properties></testcase>
		<testcase name="IncrementalBackup.ComplexRestoreBackupCollection+WithIncremental" time="121.078447" classname="ydb/core/tx/datashard/ut_incremental_backup">
			<skipped>assertion failed at ydb/core/tx/datashard/ut_common/datashard_ut_common.cpp:2091, void NKikimr::ExecSQL(Tests::TServer::TPtr, TActorId, const TString &amp;amp;, bool, Ydb::StatusIds::StatusCode): (response.GetYdbStatus() == code) failed: (TIMEOUT != SUCCESS) Response {
  QueryIssues {
    message: "Request timeout 600000ms exceeded"
    severity: 1
  }
  QueryIssues {
    message: "Cancelling after 600000ms in ExecuteState"
    severity: 1
  }
  TxMeta {
  }
}
YdbStatus: TIMEOUT
, with diff:
(TIM|SUCC)E(OUT|SS)
Get at /-S/util/generic/ptr.h:579:16
~TStringBuilder at /-S/util/string/builder.h:8:11
UnRef at /-S/util/generic/ptr.h:624:13
NKikimr::NTestSuiteIncrementalBackup::TCurrentTest::Execute()::'lambda'()::operator()() const at /-S/ydb/core/tx/datashard/datashard_ut_incremental_backup.cpp:0:1
~__value_func at /-S/contrib/libs/cxxsupp/libcxx/include/__functional/function.h:395:16
UnRef at /-S/util/generic/ptr.h:624:13
NUnitTest::TTestFactory::Execute() at /-S/library/cpp/testing/unittest/registar.cpp:0:19
NUnitTest::RunMain(int, char**) at /-S/library/cpp/testing/unittest/utmain.cpp:0:0
?? at ??:0:0
?? at ??:0:0
_start at ??:0:0


logsdir:
/home/runner/actions_runner/_work/ydb/ydb/tmp/out/ydb/core/tx/datashard/ut_incremental_backup/test-results/unittest/testing_out_stuff
stderr:
/home/runner/actions_runner/_work/ydb/ydb/tmp/out/ydb/core/tx/datashard/ut_incremental_backup/test-results/unittest/testing_out_stuff/IncrementalBackup.ComplexRestoreBackupCollection.WithIncremental.err
stdout:
/home/runner/actions_runner/_work/ydb/ydb/tmp/out/ydb/core/tx/datashard/ut_incremental_backup/test-results/unittest/testing_out_stuff/IncrementalBackup.ComplexRestoreBackupCollection.WithIncremental.out</skipped><properties><property name="mute" value="automatically muted based on rules" /><property name="url:stderr" value="https://storage.yandexcloud.net/ydb-gh-logs/ydb-platform/ydb/PR-check/13185390123/ya-x86-64/try_3/artifacts/logs/ydb/core/tx/datashard/ut_incremental_backup/test-results/unittest/testing_out_stuff/IncrementalBackup.ComplexRestoreBackupCollection.WithIncremental.err" /><property name="url:logsdir" value="https://storage.yandexcloud.net/ydb-gh-logs/ydb-platform/ydb/PR-check/13185390123/ya-x86-64/try_3/test_artifacts/ydb-core-tx-datashard-ut_incremental_backup.zip" /></properties></testcase>
	</testsuite>
	<testsuite name="ydb/core/tx/tiering/ut" tests="1" time="0" failures="1" skipped="0">
		<testcase name="[0/60] chunk chunk" time="0.0" classname="ydb/core/tx/tiering/ut"><properties><property name="url:logsdir" value="https://storage.yandexcloud.net/ydb-gh-logs/ydb-platform/ydb/PR-check/13185390123/ya-x86-64/try_3/test_artifacts/ydb-core-tx-tiering-ut.zip" /></properties></testcase>
		<testcase name="ColumnShardTiers.TTLUsage" time="0" classname="ydb/core/tx/tiering/ut">
			<skipped>Test crashed (return code: -6)
See logs for more info

logsdir:
/home/runner/actions_runner/_work/ydb/ydb/tmp/out/ydb/core/tx/tiering/ut/test-results/unittest/testing_out_stuff
stderr:
/home/runner/actions_runner/_work/ydb/ydb/tmp/out/ydb/core/tx/tiering/ut/test-results/unittest/testing_out_stuff/ColumnShardTiers.TTLUsage.err
stdout:
/home/runner/actions_runner/_work/ydb/ydb/tmp/out/ydb/core/tx/tiering/ut/test-results/unittest/testing_out_stuff/ColumnShardTiers.TTLUsage.out</skipped><properties><property name="mute" value="automatically muted based on rules" /><property name="url:stderr" value="https://storage.yandexcloud.net/ydb-gh-logs/ydb-platform/ydb/PR-check/13185390123/ya-x86-64/try_3/artifacts/logs/ydb/core/tx/tiering/ut/test-results/unittest/testing_out_stuff/ColumnShardTiers.TTLUsage.err" /><property name="url:logsdir" value="https://storage.yandexcloud.net/ydb-gh-logs/ydb-platform/ydb/PR-check/13185390123/ya-x86-64/try_3/test_artifacts/ydb-core-tx-tiering-ut.zip" /></properties></testcase>
	</testsuite>
	<testsuite name="ydb/services/persqueue_v1/ut" tests="2" time="14.502915999999999" failures="2" skipped="0">
		<testcase name="[0/10] chunk chunk" time="0.0" classname="ydb/services/persqueue_v1/ut"><properties><property name="url:logsdir" value="https://storage.yandexcloud.net/ydb-gh-logs/ydb-platform/ydb/PR-check/13185390123/ya-x86-64/try_3/test_artifacts/ydb-services-persqueue_v1-ut.zip" /></properties></testcase>
		<testcase name="TPersQueueCommonTest.TestLimiterLimitsWithBlobsRateLimit" time="7.252399" classname="ydb/services/persqueue_v1/ut">
			<skipped>greater-or-equal assertion failed at ydb/services/persqueue_v1/ut/persqueue_common_tests.h:356, void NKikimr::NPersQueueTests::TCommonTests::TestRateLimiterLimitsWrite(NKikimrPQ::TPQConfig::TQuotingConfig::ELimitedEntity): writeTime &amp;gt;= TDuration::Seconds(3) Write time: 0.237699s
Get at /-S/util/generic/ptr.h:579:16
UnRef at /-S/util/generic/ptr.h:624:13
NKikimr::NPersQueueTests::NTestSuiteTPersQueueCommonTest::TTestCaseTestLimiterLimitsWithBlobsRateLimit::Execute_(NUnitTest::TTestContext&amp;amp;) at /-S/ydb/services/persqueue_v1/persqueue_common_ut.cpp:5:1
NKikimr::NPersQueueTests::NTestSuiteTPersQueueCommonTest::TCurrentTest::Execute()::'lambda'()::operator()() const at /-S/ydb/services/persqueue_v1/persqueue_common_ut.cpp:0:1
~__value_func at /-S/contrib/libs/cxxsupp/libcxx/include/__functional/function.h:395:16
UnRef at /-S/util/generic/ptr.h:624:13
NUnitTest::TTestFactory::Execute() at /-S/library/cpp/testing/unittest/registar.cpp:0:19
NUnitTest::RunMain(int, char**) at /-S/library/cpp/testing/unittest/utmain.cpp:0:0
?? at ??:0:0
?? at ??:0:0
_start at ??:0:0


logsdir:
/home/runner/actions_runner/_work/ydb/ydb/tmp/out/ydb/services/persqueue_v1/ut/test-results/unittest/testing_out_stuff
stderr:
/home/runner/actions_runner/_work/ydb/ydb/tmp/out/ydb/services/persqueue_v1/ut/test-results/unittest/testing_out_stuff/TPersQueueCommonTest.TestLimiterLimitsWithBlobsRateLimit.err
stdout:
/home/runner/actions_runner/_work/ydb/ydb/tmp/out/ydb/services/persqueue_v1/ut/test-results/unittest/testing_out_stuff/TPersQueueCommonTest.TestLimiterLimitsWithBlobsRateLimit.out</skipped><properties><property name="mute" value="automatically muted based on rules" /><property name="url:stdout" value="https://storage.yandexcloud.net/ydb-gh-logs/ydb-platform/ydb/PR-check/13185390123/ya-x86-64/try_3/artifacts/logs/ydb/services/persqueue_v1/ut/test-results/unittest/testing_out_stuff/TPersQueueCommonTest.TestLimiterLimitsWithBlobsRateLimit.out" /><property name="url:stderr" value="https://storage.yandexcloud.net/ydb-gh-logs/ydb-platform/ydb/PR-check/13185390123/ya-x86-64/try_3/artifacts/logs/ydb/services/persqueue_v1/ut/test-results/unittest/testing_out_stuff/TPersQueueCommonTest.TestLimiterLimitsWithBlobsRateLimit.err" /><property name="url:logsdir" value="https://storage.yandexcloud.net/ydb-gh-logs/ydb-platform/ydb/PR-check/13185390123/ya-x86-64/try_3/test_artifacts/ydb-services-persqueue_v1-ut.zip" /></properties></testcase>
		<testcase name="[1/10] chunk chunk" time="0.0" classname="ydb/services/persqueue_v1/ut"><properties><property name="url:logsdir" value="https://storage.yandexcloud.net/ydb-gh-logs/ydb-platform/ydb/PR-check/13185390123/ya-x86-64/try_3/test_artifacts/ydb-services-persqueue_v1-ut.zip" /></properties></testcase>
		<testcase name="TPersQueueCommonTest.TestLimiterLimitsWithUserPayloadRateLimit" time="7.250517" classname="ydb/services/persqueue_v1/ut">
			<skipped>greater-or-equal assertion failed at ydb/services/persqueue_v1/ut/persqueue_common_tests.h:356, void NKikimr::NPersQueueTests::TCommonTests::TestRateLimiterLimitsWrite(NKikimrPQ::TPQConfig::TQuotingConfig::ELimitedEntity): writeTime &amp;gt;= TDuration::Seconds(3) Write time: 0.242422s
Get at /-S/util/generic/ptr.h:579:16
UnRef at /-S/util/generic/ptr.h:624:13
NKikimr::NPersQueueTests::NTestSuiteTPersQueueCommonTest::TTestCaseTestLimiterLimitsWithUserPayloadRateLimit::Execute_(NUnitTest::TTestContext&amp;amp;) at /-S/ydb/services/persqueue_v1/persqueue_common_ut.cpp:5:1
NKikimr::NPersQueueTests::NTestSuiteTPersQueueCommonTest::TCurrentTest::Execute()::'lambda'()::operator()() const at /-S/ydb/services/persqueue_v1/persqueue_common_ut.cpp:0:1
~__value_func at /-S/contrib/libs/cxxsupp/libcxx/include/__functional/function.h:395:16
UnRef at /-S/util/generic/ptr.h:624:13
NUnitTest::TTestFactory::Execute() at /-S/library/cpp/testing/unittest/registar.cpp:0:19
NUnitTest::RunMain(int, char**) at /-S/library/cpp/testing/unittest/utmain.cpp:0:0
?? at ??:0:0
?? at ??:0:0
_start at ??:0:0


logsdir:
/home/runner/actions_runner/_work/ydb/ydb/tmp/out/ydb/services/persqueue_v1/ut/test-results/unittest/testing_out_stuff
stderr:
/home/runner/actions_runner/_work/ydb/ydb/tmp/out/ydb/services/persqueue_v1/ut/test-results/unittest/testing_out_stuff/TPersQueueCommonTest.TestLimiterLimitsWithUserPayloadRateLimit.err
stdout:
/home/runner/actions_runner/_work/ydb/ydb/tmp/out/ydb/services/persqueue_v1/ut/test-results/unittest/testing_out_stuff/TPersQueueCommonTest.TestLimiterLimitsWithUserPayloadRateLimit.out</skipped><properties><property name="mute" value="automatically muted based on rules" /><property name="url:stdout" value="https://storage.yandexcloud.net/ydb-gh-logs/ydb-platform/ydb/PR-check/13185390123/ya-x86-64/try_3/artifacts/logs/ydb/services/persqueue_v1/ut/test-results/unittest/testing_out_stuff/TPersQueueCommonTest.TestLimiterLimitsWithUserPayloadRateLimit.out" /><property name="url:stderr" value="https://storage.yandexcloud.net/ydb-gh-logs/ydb-platform/ydb/PR-check/13185390123/ya-x86-64/try_3/artifacts/logs/ydb/services/persqueue_v1/ut/test-results/unittest/testing_out_stuff/TPersQueueCommonTest.TestLimiterLimitsWithUserPayloadRateLimit.err" /><property name="url:logsdir" value="https://storage.yandexcloud.net/ydb-gh-logs/ydb-platform/ydb/PR-check/13185390123/ya-x86-64/try_3/test_artifacts/ydb-services-persqueue_v1-ut.zip" /></properties></testcase>
	</testsuite>
	<testsuite name="ydb/services/ydb/ut" tests="1" time="0.900074" failures="1" skipped="0">
		<testcase name="[0/60] chunk chunk" time="0.0" classname="ydb/services/ydb/ut"><properties><property name="url:logsdir" value="https://storage.yandexcloud.net/ydb-gh-logs/ydb-platform/ydb/PR-check/13185390123/ya-x86-64/try_3/test_artifacts/ydb-services-ydb-ut.zip" /></properties></testcase>
		<testcase name="YdbLogStore.AlterLogTable" time="0.900074" classname="ydb/services/ydb/ut">
			<skipped>assertion failed at ydb/services/ydb/ydb_logstore_ut.cpp:435, virtual void NTestSuiteYdbLogStore::TTestCaseAlterLogTable::Execute_(NUnitTest::TTestContext &amp;amp;): (res.GetStatus() == EStatus::SUCCESS) failed: (PRECONDITION_FAILED != SUCCESS) &amp;lt;main&amp;gt;: Error: Column stores are not supported
, with diff:
(PRE|SUC)C(ONDITION_FAIL|)E(D|SS)
Get at /-S/util/generic/ptr.h:579:16
~TStringBuilder at /-S/util/string/builder.h:8:11
NTestSuiteYdbLogStore::TCurrentTest::Execute()::'lambda'()::operator()() const at /-S/ydb/services/ydb/ydb_logstore_ut.cpp:0:1
~__value_func at /-S/contrib/libs/cxxsupp/libcxx/include/__functional/function.h:395:16
UnRef at /-S/util/generic/ptr.h:624:13
NUnitTest::TTestFactory::Execute() at /-S/library/cpp/testing/unittest/registar.cpp:0:19
NUnitTest::RunMain(int, char**) at /-S/library/cpp/testing/unittest/utmain.cpp:0:0
?? at ??:0:0
?? at ??:0:0
_start at ??:0:0


logsdir:
/home/runner/actions_runner/_work/ydb/ydb/tmp/out/ydb/services/ydb/ut/test-results/unittest/testing_out_stuff
stderr:
/home/runner/actions_runner/_work/ydb/ydb/tmp/out/ydb/services/ydb/ut/test-results/unittest/testing_out_stuff/YdbLogStore.AlterLogTable.err
stdout:
/home/runner/actions_runner/_work/ydb/ydb/tmp/out/ydb/services/ydb/ut/test-results/unittest/testing_out_stuff/YdbLogStore.AlterLogTable.out</skipped><properties><property name="mute" value="automatically muted based on rules" /><property name="url:stdout" value="https://storage.yandexcloud.net/ydb-gh-logs/ydb-platform/ydb/PR-check/13185390123/ya-x86-64/try_3/artifacts/logs/ydb/services/ydb/ut/test-results/unittest/testing_out_stuff/YdbLogStore.AlterLogTable.out" /><property name="url:stderr" value="https://storage.yandexcloud.net/ydb-gh-logs/ydb-platform/ydb/PR-check/13185390123/ya-x86-64/try_3/artifacts/logs/ydb/services/ydb/ut/test-results/unittest/testing_out_stuff/YdbLogStore.AlterLogTable.err" /><property name="url:logsdir" value="https://storage.yandexcloud.net/ydb-gh-logs/ydb-platform/ydb/PR-check/13185390123/ya-x86-64/try_3/test_artifacts/ydb-services-ydb-ut.zip" /></properties></testcase>
	</testsuite>
</testsuites>